{"numTotalTestSuites":167,"numPassedTestSuites":166,"numFailedTestSuites":1,"numPendingTestSuites":0,"numTotalTests":455,"numPassedTests":454,"numFailedTests":1,"numPendingTests":0,"numTodoTests":0,"startTime":1771996941551,"success":false,"testResults":[{"assertionResults":[{"ancestorTitles":["","extractTokens"],"fullName":" extractTokens should extract simple tokens","status":"passed","title":"should extract simple tokens","duration":1,"failureMessages":[]},{"ancestorTitles":["","extractTokens"],"fullName":" extractTokens should extract nested tokens","status":"passed","title":"should extract nested tokens","duration":0,"failureMessages":[]},{"ancestorTitles":["","extractTokens"],"fullName":" extractTokens should handle tokens with whitespace","status":"passed","title":"should handle tokens with whitespace","duration":1,"failureMessages":[]},{"ancestorTitles":["","extractTokens"],"fullName":" extractTokens should deduplicate tokens","status":"passed","title":"should deduplicate tokens","duration":0,"failureMessages":[]},{"ancestorTitles":["","extractTokens"],"fullName":" extractTokens should extract tokens with fallbacks","status":"passed","title":"should extract tokens with fallbacks","duration":0,"failureMessages":[]},{"ancestorTitles":["","extractTokens"],"fullName":" extractTokens should return empty array for no tokens","status":"passed","title":"should return empty array for no tokens","duration":0,"failureMessages":[]},{"ancestorTitles":["","parseToken"],"fullName":" parseToken should parse basic token","status":"passed","title":"should parse basic token","duration":0,"failureMessages":[]},{"ancestorTitles":["","parseToken"],"fullName":" parseToken should parse token with fallback","status":"passed","title":"should parse token with fallback","duration":0,"failureMessages":[]},{"ancestorTitles":["","parseToken"],"fullName":" parseToken should parse nested token","status":"passed","title":"should parse nested token","duration":0,"failureMessages":[]},{"ancestorTitles":["","parseToken"],"fullName":" parseToken should parse conditional tokens","status":"passed","title":"should parse conditional tokens","duration":0,"failureMessages":[]},{"ancestorTitles":["","getNestedValue"],"fullName":" getNestedValue should get top-level value","status":"passed","title":"should get top-level value","duration":1,"failureMessages":[]},{"ancestorTitles":["","getNestedValue"],"fullName":" getNestedValue should get nested value","status":"passed","title":"should get nested value","duration":0,"failureMessages":[]},{"ancestorTitles":["","getNestedValue"],"fullName":" getNestedValue should return undefined for missing path","status":"passed","title":"should return undefined for missing path","duration":0,"failureMessages":[]},{"ancestorTitles":["","getNestedValue"],"fullName":" getNestedValue should return undefined for null/undefined obj","status":"passed","title":"should return undefined for null/undefined obj","duration":0,"failureMessages":[]},{"ancestorTitles":["","getNestedValue"],"fullName":" getNestedValue should handle deeply nested paths","status":"passed","title":"should handle deeply nested paths","duration":0,"failureMessages":[]},{"ancestorTitles":["","personalize"],"fullName":" personalize should replace simple tokens","status":"passed","title":"should replace simple tokens","duration":0,"failureMessages":[]},{"ancestorTitles":["","personalize"],"fullName":" personalize should replace nested tokens","status":"passed","title":"should replace nested tokens","duration":0,"failureMessages":[]},{"ancestorTitles":["","personalize"],"fullName":" personalize should use fallback values","status":"passed","title":"should use fallback values","duration":0,"failureMessages":[]},{"ancestorTitles":["","personalize"],"fullName":" personalize should use default fallbacks","status":"passed","title":"should use default fallbacks","duration":1,"failureMessages":[]},{"ancestorTitles":["","personalize"],"fullName":" personalize should handle days_since_research token","status":"passed","title":"should handle days_since_research token","duration":0,"failureMessages":[]},{"ancestorTitles":["","personalize"],"fullName":" personalize should escape HTML by default","status":"passed","title":"should escape HTML by default","duration":0,"failureMessages":[]},{"ancestorTitles":["","personalize"],"fullName":" personalize should not escape HTML when disabled","status":"passed","title":"should not escape HTML when disabled","duration":0,"failureMessages":[]},{"ancestorTitles":["","personalize"],"fullName":" personalize should handle conditionals with #if","status":"passed","title":"should handle conditionals with #if","duration":0,"failureMessages":[]},{"ancestorTitles":["","personalize"],"fullName":" personalize should skip conditional block when value missing","status":"passed","title":"should skip conditional block when value missing","duration":0,"failureMessages":[]},{"ancestorTitles":["","personalize"],"fullName":" personalize should handle conditionals with #unless","status":"passed","title":"should handle conditionals with #unless","duration":0,"failureMessages":[]},{"ancestorTitles":["","personalize"],"fullName":" personalize should show #unless block when value missing","status":"passed","title":"should show #unless block when value missing","duration":0,"failureMessages":[]},{"ancestorTitles":["","personalize"],"fullName":" personalize should handle multiple replacements","status":"passed","title":"should handle multiple replacements","duration":0,"failureMessages":[]},{"ancestorTitles":["","personalize"],"fullName":" personalize should track missing tokens","status":"passed","title":"should track missing tokens","duration":0,"failureMessages":[]},{"ancestorTitles":["","personalize"],"fullName":" personalize should preserve template when token not found and removeMissing false","status":"passed","title":"should preserve template when token not found and removeMissing false","duration":1,"failureMessages":[]},{"ancestorTitles":["","personalize"],"fullName":" personalize should remove missing tokens when removeMissing true","status":"passed","title":"should remove missing tokens when removeMissing true","duration":0,"failureMessages":[]},{"ancestorTitles":["","personalizeEmail"],"fullName":" personalizeEmail should personalize both subject and body","status":"passed","title":"should personalize both subject and body","duration":0,"failureMessages":[]},{"ancestorTitles":["","personalizeEmail"],"fullName":" personalizeEmail should track missing tokens across subject and body","status":"passed","title":"should track missing tokens across subject and body","duration":0,"failureMessages":[]},{"ancestorTitles":["","validateTemplate"],"fullName":" validateTemplate should validate template with all required fields","status":"passed","title":"should validate template with all required fields","duration":0,"failureMessages":[]},{"ancestorTitles":["","validateTemplate"],"fullName":" validateTemplate should fail validation for missing required fields","status":"passed","title":"should fail validation for missing required fields","duration":0,"failureMessages":[]},{"ancestorTitles":["","validateTemplate"],"fullName":" validateTemplate should detect unmatched #if blocks","status":"passed","title":"should detect unmatched #if blocks","duration":0,"failureMessages":[]},{"ancestorTitles":["","validateTemplate"],"fullName":" validateTemplate should validate matched #if blocks","status":"passed","title":"should validate matched #if blocks","duration":0,"failureMessages":[]},{"ancestorTitles":["","previewTemplate"],"fullName":" previewTemplate should return personalized template with sample data","status":"passed","title":"should return personalized template with sample data","duration":0,"failureMessages":[]},{"ancestorTitles":["","getPreviewData"],"fullName":" getPreviewData should return sample prospect data","status":"passed","title":"should return sample prospect data","duration":1,"failureMessages":[]},{"ancestorTitles":["","Edge Cases"],"fullName":" Edge Cases should handle empty template","status":"passed","title":"should handle empty template","duration":0,"failureMessages":[]},{"ancestorTitles":["","Edge Cases"],"fullName":" Edge Cases should handle template with only tokens","status":"passed","title":"should handle template with only tokens","duration":0,"failureMessages":[]},{"ancestorTitles":["","Edge Cases"],"fullName":" Edge Cases should handle special characters in values","status":"passed","title":"should handle special characters in values","duration":0,"failureMessages":[]},{"ancestorTitles":["","Edge Cases"],"fullName":" Edge Cases should handle numeric values","status":"passed","title":"should handle numeric values","duration":0,"failureMessages":[]},{"ancestorTitles":["","Edge Cases"],"fullName":" Edge Cases should handle boolean values","status":"passed","title":"should handle boolean values","duration":0,"failureMessages":[]},{"ancestorTitles":["","Edge Cases"],"fullName":" Edge Cases should handle arrays","status":"passed","title":"should handle arrays","duration":0,"failureMessages":[]}],"startTime":1771996943611,"endTime":1771996943618,"status":"passed","message":"","name":"/Users/alariceverett/.openclaw/workspace/tests/personalization.test.ts"},{"assertionResults":[{"ancestorTitles":["","isValidUUID"],"fullName":" isValidUUID should validate valid UUID","status":"passed","title":"should validate valid UUID","duration":2,"failureMessages":[]},{"ancestorTitles":["","isValidUUID"],"fullName":" isValidUUID should reject invalid UUIDs","status":"passed","title":"should reject invalid UUIDs","duration":0,"failureMessages":[]},{"ancestorTitles":["","validateCreateSequence"],"fullName":" validateCreateSequence should validate valid sequence","status":"passed","title":"should validate valid sequence","duration":2,"failureMessages":[]},{"ancestorTitles":["","validateCreateSequence"],"fullName":" validateCreateSequence should reject non-object","status":"passed","title":"should reject non-object","duration":0,"failureMessages":[]},{"ancestorTitles":["","validateCreateSequence"],"fullName":" validateCreateSequence should reject missing slug","status":"passed","title":"should reject missing slug","duration":1,"failureMessages":[]},{"ancestorTitles":["","validateCreateSequence"],"fullName":" validateCreateSequence should reject missing name","status":"passed","title":"should reject missing name","duration":0,"failureMessages":[]},{"ancestorTitles":["","validateCreateSequence"],"fullName":" validateCreateSequence should reject missing steps","status":"passed","title":"should reject missing steps","duration":0,"failureMessages":[]},{"ancestorTitles":["","validateCreateSequence"],"fullName":" validateCreateSequence should reject empty steps array","status":"passed","title":"should reject empty steps array","duration":0,"failureMessages":[]},{"ancestorTitles":["","validateUpdateSequence"],"fullName":" validateUpdateSequence should validate valid update","status":"passed","title":"should validate valid update","duration":0,"failureMessages":[]},{"ancestorTitles":["","validateUpdateSequence"],"fullName":" validateUpdateSequence should reject empty updates","status":"passed","title":"should reject empty updates","duration":1,"failureMessages":[]},{"ancestorTitles":["","validateUpdateSequence"],"fullName":" validateUpdateSequence should validate sequence_type","status":"passed","title":"should validate sequence_type","duration":0,"failureMessages":[]},{"ancestorTitles":["","validateSequenceQuery"],"fullName":" validateSequenceQuery should validate query parameters","status":"passed","title":"should validate query parameters","duration":0,"failureMessages":[]},{"ancestorTitles":["","validateSequenceQuery"],"fullName":" validateSequenceQuery should reject invalid status","status":"passed","title":"should reject invalid status","duration":0,"failureMessages":[]},{"ancestorTitles":["","validateSequenceQuery"],"fullName":" validateSequenceQuery should reject invalid limit","status":"passed","title":"should reject invalid limit","duration":0,"failureMessages":[]},{"ancestorTitles":["","validateSequenceQuery"],"fullName":" validateSequenceQuery should reject negative offset","status":"passed","title":"should reject negative offset","duration":1,"failureMessages":[]},{"ancestorTitles":["","validateCreateTemplate"],"fullName":" validateCreateTemplate should validate valid template","status":"passed","title":"should validate valid template","duration":0,"failureMessages":[]},{"ancestorTitles":["","validateCreateTemplate"],"fullName":" validateCreateTemplate should reject invalid slug format","status":"passed","title":"should reject invalid slug format","duration":1,"failureMessages":[]},{"ancestorTitles":["","validateCreateTemplate"],"fullName":" validateCreateTemplate should require subject","status":"passed","title":"should require subject","duration":0,"failureMessages":[]},{"ancestorTitles":["","validateCreateEnrollment"],"fullName":" validateCreateEnrollment should validate valid enrollment","status":"passed","title":"should validate valid enrollment","duration":0,"failureMessages":[]},{"ancestorTitles":["","validateCreateEnrollment"],"fullName":" validateCreateEnrollment should require at least one contact identifier","status":"passed","title":"should require at least one contact identifier","duration":0,"failureMessages":[]},{"ancestorTitles":["","validateCreateEnrollment"],"fullName":" validateCreateEnrollment should validate UUID format","status":"passed","title":"should validate UUID format","duration":0,"failureMessages":[]},{"ancestorTitles":["","validateBulkEnrollment"],"fullName":" validateBulkEnrollment should validate valid bulk enrollment","status":"passed","title":"should validate valid bulk enrollment","duration":0,"failureMessages":[]},{"ancestorTitles":["","validateBulkEnrollment"],"fullName":" validateBulkEnrollment should reject empty prospect_ids","status":"passed","title":"should reject empty prospect_ids","duration":0,"failureMessages":[]},{"ancestorTitles":["","validateBulkEnrollment"],"fullName":" validateBulkEnrollment should reject too many prospects","status":"passed","title":"should reject too many prospects","duration":0,"failureMessages":[]}],"startTime":1771996943622,"endTime":1771996943630,"status":"passed","message":"","name":"/Users/alariceverett/.openclaw/workspace/tests/validation.test.ts"},{"assertionResults":[{"ancestorTitles":["","E2E Smoke Tests","/ops Page Loads"],"fullName":" E2E Smoke Tests /ops Page Loads should verify ops route configuration exists","status":"passed","title":"should verify ops route configuration exists","duration":18,"failureMessages":[]},{"ancestorTitles":["","E2E Smoke Tests","/ops Page Loads"],"fullName":" E2E Smoke Tests /ops Page Loads should validate Next.js configuration","status":"passed","title":"should validate Next.js configuration","duration":1,"failureMessages":[]},{"ancestorTitles":["","E2E Smoke Tests","/ops Page Loads"],"fullName":" E2E Smoke Tests /ops Page Loads should have required dependencies installed","status":"passed","title":"should have required dependencies installed","duration":3,"failureMessages":[]},{"ancestorTitles":["","E2E Smoke Tests","Autonomy Dashboard Renders"],"fullName":" E2E Smoke Tests Autonomy Dashboard Renders should verify dashboard components exist","status":"passed","title":"should verify dashboard components exist","duration":2,"failureMessages":[]},{"ancestorTitles":["","E2E Smoke Tests","Autonomy Dashboard Renders"],"fullName":" E2E Smoke Tests Autonomy Dashboard Renders should verify dashboard data fetching utilities exist","status":"passed","title":"should verify dashboard data fetching utilities exist","duration":2,"failureMessages":[]},{"ancestorTitles":["","E2E Smoke Tests","Autonomy Dashboard Renders"],"fullName":" E2E Smoke Tests Autonomy Dashboard Renders should validate TypeScript types for dashboard","status":"passed","title":"should validate TypeScript types for dashboard","duration":4,"failureMessages":[]},{"ancestorTitles":["","E2E Smoke Tests","Autonomy Dashboard Renders"],"fullName":" E2E Smoke Tests Autonomy Dashboard Renders should have autonomy engine modules available","status":"passed","title":"should have autonomy engine modules available","duration":1,"failureMessages":[]},{"ancestorTitles":["","E2E Smoke Tests","Build Passes"],"fullName":" E2E Smoke Tests Build Passes should have valid package.json","status":"passed","title":"should have valid package.json","duration":2,"failureMessages":[]},{"ancestorTitles":["","E2E Smoke Tests","Build Passes"],"fullName":" E2E Smoke Tests Build Passes should have tsconfig.json","status":"passed","title":"should have tsconfig.json","duration":2,"failureMessages":[]},{"ancestorTitles":["","E2E Smoke Tests","Build Passes"],"fullName":" E2E Smoke Tests Build Passes should verify node_modules exists","status":"passed","title":"should verify node_modules exists","duration":2,"failureMessages":[]},{"ancestorTitles":["","E2E Smoke Tests","Build Passes"],"fullName":" E2E Smoke Tests Build Passes should validate lock file exists","status":"passed","title":"should validate lock file exists","duration":1,"failureMessages":[]},{"ancestorTitles":["","E2E Smoke Tests","Build Passes"],"fullName":" E2E Smoke Tests Build Passes should verify build script is defined","status":"passed","title":"should verify build script is defined","duration":5,"failureMessages":[]},{"ancestorTitles":["","E2E Smoke Tests","Build Passes"],"fullName":" E2E Smoke Tests Build Passes should have environment configuration template","status":"passed","title":"should have environment configuration template","duration":2,"failureMessages":[]},{"ancestorTitles":["","E2E Smoke Tests","API Health Checks"],"fullName":" E2E Smoke Tests API Health Checks should verify API directory structure","status":"failed","title":"should verify API directory structure","duration":7,"failureMessages":["expected false to be true // Object.is equality"],"location":{"line":325,"column":25}},{"ancestorTitles":["","E2E Smoke Tests","Static Assets"],"fullName":" E2E Smoke Tests Static Assets should have public assets directory","status":"passed","title":"should have public assets directory","duration":1,"failureMessages":[]},{"ancestorTitles":["","E2E Smoke Tests","Static Assets"],"fullName":" E2E Smoke Tests Static Assets should have favicon.ico or icon in public directory","status":"passed","title":"should have favicon.ico or icon in public directory","duration":9,"failureMessages":[]},{"ancestorTitles":["","E2E Smoke Tests","Module Imports"],"fullName":" E2E Smoke Tests Module Imports should import self-healing module without errors","status":"passed","title":"should import self-healing module without errors","duration":2,"failureMessages":[]},{"ancestorTitles":["","E2E Smoke Tests","Module Imports"],"fullName":" E2E Smoke Tests Module Imports should import predictive-guard module without errors","status":"passed","title":"should import predictive-guard module without errors","duration":2,"failureMessages":[]},{"ancestorTitles":["","E2E Smoke Tests","Module Imports"],"fullName":" E2E Smoke Tests Module Imports should import task-generator module without errors","status":"passed","title":"should import task-generator module without errors","duration":1,"failureMessages":[]},{"ancestorTitles":["","E2E Smoke Tests","Module Imports"],"fullName":" E2E Smoke Tests Module Imports should import recommendation-engine module without errors","status":"passed","title":"should import recommendation-engine module without errors","duration":1,"failureMessages":[]},{"ancestorTitles":["","E2E Smoke Tests","Module Imports"],"fullName":" E2E Smoke Tests Module Imports should import db types module without errors","status":"passed","title":"should import db types module without errors","duration":1,"failureMessages":[]},{"ancestorTitles":["","E2E Smoke Tests","Configuration Validation"],"fullName":" E2E Smoke Tests Configuration Validation should have valid next.config.ts","status":"passed","title":"should have valid next.config.ts","duration":1,"failureMessages":[]},{"ancestorTitles":["","E2E Smoke Tests","Configuration Validation"],"fullName":" E2E Smoke Tests Configuration Validation should have tailwind configuration","status":"passed","title":"should have tailwind configuration","duration":1,"failureMessages":[]},{"ancestorTitles":["","E2E Smoke Tests","Documentation"],"fullName":" E2E Smoke Tests Documentation should have README.md","status":"passed","title":"should have README.md","duration":1,"failureMessages":[]},{"ancestorTitles":["","E2E Smoke Tests","Documentation"],"fullName":" E2E Smoke Tests Documentation should have project documentation in docs folder","status":"passed","title":"should have project documentation in docs folder","duration":0,"failureMessages":[]}],"startTime":1771996943566,"endTime":1771996943639,"status":"failed","message":"","name":"/Users/alariceverett/.openclaw/workspace/tests/e2e/smoke.test.ts"},{"assertionResults":[],"startTime":1771996941551,"endTime":1771996941551,"status":"failed","message":"Failed to resolve import \"@testing-library/react\" from \"tests/integration/ResearchJobsList.integration.test.tsx\". Does the file exist?","name":"/Users/alariceverett/.openclaw/workspace/tests/integration/ResearchJobsList.integration.test.tsx"},{"assertionResults":[{"ancestorTitles":["","Autonomy Flow - Integration","Task Generation → Healing Flow"],"fullName":" Autonomy Flow - Integration Task Generation → Healing Flow should generate investigation task from KPI anomaly and heal it","status":"passed","title":"should generate investigation task from KPI anomaly and heal it","duration":513,"failureMessages":[]},{"ancestorTitles":["","Autonomy Flow - Integration","Task Generation → Healing Flow"],"fullName":" Autonomy Flow - Integration Task Generation → Healing Flow should generate unblock task from blocked work and attempt healing","status":"passed","title":"should generate unblock task from blocked work and attempt healing","duration":115,"failureMessages":[]},{"ancestorTitles":["","Autonomy Flow - Integration","Task Generation → Healing Flow"],"fullName":" Autonomy Flow - Integration Task Generation → Healing Flow should handle healing escalation after 3 failed attempts","status":"passed","title":"should handle healing escalation after 3 failed attempts","duration":503,"failureMessages":[]},{"ancestorTitles":["","Autonomy Flow - Integration","Task Generation → Healing Flow"],"fullName":" Autonomy Flow - Integration Task Generation → Healing Flow should correlate related metrics in generated tasks","status":"passed","title":"should correlate related metrics in generated tasks","duration":0,"failureMessages":[]},{"ancestorTitles":["","Autonomy Flow - Integration","Prediction → Task Generation Flow"],"fullName":" Autonomy Flow - Integration Prediction → Task Generation Flow should generate mitigation tasks from predicted blockers","status":"passed","title":"should generate mitigation tasks from predicted blockers","duration":1,"failureMessages":[]},{"ancestorTitles":["","Autonomy Flow - Integration","Dashboard Integration"],"fullName":" Autonomy Flow - Integration Dashboard Integration should generate tasks suitable for dashboard display","status":"passed","title":"should generate tasks suitable for dashboard display","duration":1,"failureMessages":[]},{"ancestorTitles":["","Autonomy Flow - Integration","Dashboard Integration"],"fullName":" Autonomy Flow - Integration Dashboard Integration should track task resolution in dashboard","status":"passed","title":"should track task resolution in dashboard","duration":1,"failureMessages":[]},{"ancestorTitles":["","Autonomy Flow - Integration","Dashboard Integration"],"fullName":" Autonomy Flow - Integration Dashboard Integration should generate tasks with confidence scores for sorting","status":"passed","title":"should generate tasks with confidence scores for sorting","duration":0,"failureMessages":[]},{"ancestorTitles":["","Autonomy Flow - Integration","Batch Processing Flow"],"fullName":" Autonomy Flow - Integration Batch Processing Flow should batch generate tasks from multiple recommendations","status":"passed","title":"should batch generate tasks from multiple recommendations","duration":1,"failureMessages":[]},{"ancestorTitles":["","Autonomy Flow - Integration","Batch Processing Flow"],"fullName":" Autonomy Flow - Integration Batch Processing Flow should filter low confidence recommendations","status":"passed","title":"should filter low confidence recommendations","duration":0,"failureMessages":[]},{"ancestorTitles":["","Autonomy Flow - Integration","Full Autonomy Cycle"],"fullName":" Autonomy Flow - Integration Full Autonomy Cycle should execute full autonomy cycle end-to-end","status":"passed","title":"should execute full autonomy cycle end-to-end","duration":111,"failureMessages":[]},{"ancestorTitles":["","Autonomy Flow - Integration","Full Autonomy Cycle"],"fullName":" Autonomy Flow - Integration Full Autonomy Cycle should handle multiple concurrent anomalies","status":"passed","title":"should handle multiple concurrent anomalies","duration":1,"failureMessages":[]},{"ancestorTitles":["","Autonomy Flow - Integration","Full Autonomy Cycle"],"fullName":" Autonomy Flow - Integration Full Autonomy Cycle should escalate tasks with healing failures","status":"passed","title":"should escalate tasks with healing failures","duration":416,"failureMessages":[]}],"startTime":1771996942924,"endTime":1771996944588,"status":"passed","message":"","name":"/Users/alariceverett/.openclaw/workspace/tests/integration/autonomy-flow.test.ts"},{"assertionResults":[{"ancestorTitles":["","Email Queue Integration","End-to-End Email Flow"],"fullName":" Email Queue Integration End-to-End Email Flow should process email through rate limiter, queue, and processor","status":"passed","title":"should process email through rate limiter, queue, and processor","duration":105,"failureMessages":[]},{"ancestorTitles":["","Email Queue Integration","End-to-End Email Flow"],"fullName":" Email Queue Integration End-to-End Email Flow should respect rate limits across multiple sends","status":"passed","title":"should respect rate limits across multiple sends","duration":511,"failureMessages":[]},{"ancestorTitles":["","Email Queue Integration","End-to-End Email Flow"],"fullName":" Email Queue Integration End-to-End Email Flow should block when rate limit exceeded","status":"passed","title":"should block when rate limit exceeded","duration":207,"failureMessages":[]},{"ancestorTitles":["","Email Queue Integration","Priority Queue Routing"],"fullName":" Email Queue Integration Priority Queue Routing should route critical emails to priority queue","status":"passed","title":"should route critical emails to priority queue","duration":0,"failureMessages":[]},{"ancestorTitles":["","Email Queue Integration","Priority Queue Routing"],"fullName":" Email Queue Integration Priority Queue Routing should route low priority emails to bulk queue","status":"passed","title":"should route low priority emails to bulk queue","duration":0,"failureMessages":[]},{"ancestorTitles":["","Email Queue Integration","Priority Queue Routing"],"fullName":" Email Queue Integration Priority Queue Routing should track queue stats separately","status":"passed","title":"should track queue stats separately","duration":1,"failureMessages":[]},{"ancestorTitles":["","Email Queue Integration","Monitoring Integration"],"fullName":" Email Queue Integration Monitoring Integration should track system metrics","status":"passed","title":"should track system metrics","duration":204,"failureMessages":[]},{"ancestorTitles":["","Email Queue Integration","Monitoring Integration"],"fullName":" Email Queue Integration Monitoring Integration should export Prometheus metrics","status":"passed","title":"should export Prometheus metrics","duration":103,"failureMessages":[]},{"ancestorTitles":["","Email Queue Integration","Retry Logic Integration"],"fullName":" Email Queue Integration Retry Logic Integration should track retries in rate limiter","status":"passed","title":"should track retries in rate limiter","duration":1,"failureMessages":[]},{"ancestorTitles":["","Email Queue Integration","Retry Logic Integration"],"fullName":" Email Queue Integration Retry Logic Integration should reset consecutive failures on success","status":"passed","title":"should reset consecutive failures on success","duration":102,"failureMessages":[]},{"ancestorTitles":["","Email Queue Integration","Validation"],"fullName":" Email Queue Integration Validation should validate complete email job","status":"passed","title":"should validate complete email job","duration":2,"failureMessages":[]},{"ancestorTitles":["","Email Queue Integration","Validation"],"fullName":" Email Queue Integration Validation should validate invalid email job","status":"passed","title":"should validate invalid email job","duration":1,"failureMessages":[]},{"ancestorTitles":["","Email Queue Integration","Account Age Tiers"],"fullName":" Email Queue Integration Account Age Tiers should apply correct tier for new account","status":"passed","title":"should apply correct tier for new account","duration":103,"failureMessages":[]},{"ancestorTitles":["","Email Queue Integration","Account Age Tiers"],"fullName":" Email Queue Integration Account Age Tiers should apply correct tier for mature account","status":"passed","title":"should apply correct tier for mature account","duration":101,"failureMessages":[]},{"ancestorTitles":["","Email Queue Integration","Statistics"],"fullName":" Email Queue Integration Statistics should track processor stats","status":"passed","title":"should track processor stats","duration":510,"failureMessages":[]},{"ancestorTitles":["","Email Queue Integration","Statistics"],"fullName":" Email Queue Integration Statistics should get queue stats","status":"passed","title":"should get queue stats","duration":0,"failureMessages":[]},{"ancestorTitles":["","Email Queue Integration","Health Checks"],"fullName":" Email Queue Integration Health Checks should report system health","status":"passed","title":"should report system health","duration":0,"failureMessages":[]},{"ancestorTitles":["","Email Queue Integration","Health Checks"],"fullName":" Email Queue Integration Health Checks should aggregate health status","status":"passed","title":"should aggregate health status","duration":1,"failureMessages":[]}],"startTime":1771996943621,"endTime":1771996945575,"status":"passed","message":"","name":"/Users/alariceverett/.openclaw/workspace/tests/integration/email-queue-integration.test.ts"},{"assertionResults":[{"ancestorTitles":["","Intelligence Bridge - Recommendation → Action Flow","Recommendation Generation"],"fullName":" Intelligence Bridge - Recommendation → Action Flow Recommendation Generation should generate recommendations from KPI trends","status":"passed","title":"should generate recommendations from KPI trends","duration":3,"failureMessages":[]},{"ancestorTitles":["","Intelligence Bridge - Recommendation → Action Flow","Recommendation Generation"],"fullName":" Intelligence Bridge - Recommendation → Action Flow Recommendation Generation should prioritize critical recommendations","status":"passed","title":"should prioritize critical recommendations","duration":0,"failureMessages":[]},{"ancestorTitles":["","Intelligence Bridge - Recommendation → Action Flow","Recommendation Generation"],"fullName":" Intelligence Bridge - Recommendation → Action Flow Recommendation Generation should apply scoring weights correctly","status":"passed","title":"should apply scoring weights correctly","duration":2,"failureMessages":[]},{"ancestorTitles":["","Intelligence Bridge - Recommendation → Action Flow","Recommendation → Task Transformation"],"fullName":" Intelligence Bridge - Recommendation → Action Flow Recommendation → Task Transformation should transform investigate_decline recommendation to investigation task","status":"passed","title":"should transform investigate_decline recommendation to investigation task","duration":1,"failureMessages":[]},{"ancestorTitles":["","Intelligence Bridge - Recommendation → Action Flow","Recommendation → Task Transformation"],"fullName":" Intelligence Bridge - Recommendation → Action Flow Recommendation → Task Transformation should transform double_down_growth recommendation to strategy task","status":"passed","title":"should transform double_down_growth recommendation to strategy task","duration":1,"failureMessages":[]},{"ancestorTitles":["","Intelligence Bridge - Recommendation → Action Flow","Recommendation → Task Transformation"],"fullName":" Intelligence Bridge - Recommendation → Action Flow Recommendation → Task Transformation should transform blocked_tasks recommendation to unblock task","status":"passed","title":"should transform blocked_tasks recommendation to unblock task","duration":15,"failureMessages":[]},{"ancestorTitles":["","Intelligence Bridge - Recommendation → Action Flow","Recommendation → Task Transformation"],"fullName":" Intelligence Bridge - Recommendation → Action Flow Recommendation → Task Transformation should handle edge case recommendations","status":"passed","title":"should handle edge case recommendations","duration":0,"failureMessages":[]},{"ancestorTitles":["","Intelligence Bridge - Recommendation → Action Flow","Auto-Execution Flow"],"fullName":" Intelligence Bridge - Recommendation → Action Flow Auto-Execution Flow should identify auto-executable recommendations above threshold","status":"passed","title":"should identify auto-executable recommendations above threshold","duration":0,"failureMessages":[]},{"ancestorTitles":["","Intelligence Bridge - Recommendation → Action Flow","Auto-Execution Flow"],"fullName":" Intelligence Bridge - Recommendation → Action Flow Auto-Execution Flow should route critical recommendations to review queue","status":"passed","title":"should route critical recommendations to review queue","duration":0,"failureMessages":[]},{"ancestorTitles":["","Intelligence Bridge - Recommendation → Action Flow","Task Lifecycle Integration"],"fullName":" Intelligence Bridge - Recommendation → Action Flow Task Lifecycle Integration should propagate task status through full lifecycle","status":"passed","title":"should propagate task status through full lifecycle","duration":115,"failureMessages":[]},{"ancestorTitles":["","Intelligence Bridge - Recommendation → Action Flow","Task Lifecycle Integration"],"fullName":" Intelligence Bridge - Recommendation → Action Flow Task Lifecycle Integration should link generated tasks to source recommendations","status":"passed","title":"should link generated tasks to source recommendations","duration":1,"failureMessages":[]},{"ancestorTitles":["","Intelligence Bridge - Recommendation → Action Flow","Task Lifecycle Integration"],"fullName":" Intelligence Bridge - Recommendation → Action Flow Task Lifecycle Integration should preserve metrics from recommendation to task","status":"passed","title":"should preserve metrics from recommendation to task","duration":0,"failureMessages":[]},{"ancestorTitles":["","Intelligence Bridge - Recommendation → Action Flow","Batch Processing"],"fullName":" Intelligence Bridge - Recommendation → Action Flow Batch Processing should process multiple recommendations in batch","status":"passed","title":"should process multiple recommendations in batch","duration":0,"failureMessages":[]},{"ancestorTitles":["","Intelligence Bridge - Recommendation → Action Flow","Batch Processing"],"fullName":" Intelligence Bridge - Recommendation → Action Flow Batch Processing should filter recommendations without sufficient confidence","status":"passed","title":"should filter recommendations without sufficient confidence","duration":1,"failureMessages":[]},{"ancestorTitles":["","Intelligence Bridge - Recommendation → Action Flow","End-to-End Flow"],"fullName":" Intelligence Bridge - Recommendation → Action Flow End-to-End Flow should complete full flow: trends → recommendations → tasks → healing","status":"passed","title":"should complete full flow: trends → recommendations → tasks → healing","duration":117,"failureMessages":[]},{"ancestorTitles":["","Intelligence Bridge - Recommendation → Action Flow","End-to-End Flow"],"fullName":" Intelligence Bridge - Recommendation → Action Flow End-to-End Flow should handle complex recommendation scenarios","status":"passed","title":"should handle complex recommendation scenarios","duration":1,"failureMessages":[]},{"ancestorTitles":["","Intelligence Bridge - Recommendation → Action Flow","Error Handling"],"fullName":" Intelligence Bridge - Recommendation → Action Flow Error Handling should handle transformation errors gracefully","status":"passed","title":"should handle transformation errors gracefully","duration":1,"failureMessages":[]},{"ancestorTitles":["","Intelligence Bridge - Recommendation → Action Flow","Error Handling"],"fullName":" Intelligence Bridge - Recommendation → Action Flow Error Handling should handle missing data in recommendations","status":"passed","title":"should handle missing data in recommendations","duration":0,"failureMessages":[]},{"ancestorTitles":["","Intelligence Bridge - Recommendation → Action Flow","Confidence Correlation"],"fullName":" Intelligence Bridge - Recommendation → Action Flow Confidence Correlation should correlate recommendation confidence to task priority","status":"passed","title":"should correlate recommendation confidence to task priority","duration":0,"failureMessages":[]},{"ancestorTitles":["","Intelligence Bridge - Recommendation → Action Flow","Confidence Correlation"],"fullName":" Intelligence Bridge - Recommendation → Action Flow Confidence Correlation should forward confidence scores to tasks","status":"passed","title":"should forward confidence scores to tasks","duration":0,"failureMessages":[]}],"startTime":1771996942918,"endTime":1771996943176,"status":"passed","message":"","name":"/Users/alariceverett/.openclaw/workspace/tests/integration/intelligence-bridge.test.ts"},{"assertionResults":[{"ancestorTitles":["","Research Jobs Dashboard - Integration Tests","Research Jobs Flow"],"fullName":" Research Jobs Dashboard - Integration Tests Research Jobs Flow should define research job types correctly","status":"passed","title":"should define research job types correctly","duration":1,"failureMessages":[]},{"ancestorTitles":["","Research Jobs Dashboard - Integration Tests","Research Jobs Flow"],"fullName":" Research Jobs Dashboard - Integration Tests Research Jobs Flow should calculate active jobs count","status":"passed","title":"should calculate active jobs count","duration":0,"failureMessages":[]},{"ancestorTitles":["","Research Jobs Dashboard - Integration Tests","Research Jobs Flow"],"fullName":" Research Jobs Dashboard - Integration Tests Research Jobs Flow should calculate completed today count","status":"passed","title":"should calculate completed today count","duration":0,"failureMessages":[]},{"ancestorTitles":["","Research Jobs Dashboard - Integration Tests","Research Jobs Flow"],"fullName":" Research Jobs Dashboard - Integration Tests Research Jobs Flow should filter jobs by status","status":"passed","title":"should filter jobs by status","duration":1,"failureMessages":[]},{"ancestorTitles":["","Research Jobs Dashboard - Integration Tests","Research Jobs Flow"],"fullName":" Research Jobs Dashboard - Integration Tests Research Jobs Flow should calculate average enrichment time","status":"passed","title":"should calculate average enrichment time","duration":1,"failureMessages":[]},{"ancestorTitles":["","Research Jobs Dashboard - Integration Tests","Research Jobs Flow"],"fullName":" Research Jobs Dashboard - Integration Tests Research Jobs Flow should handle empty job list","status":"passed","title":"should handle empty job list","duration":0,"failureMessages":[]},{"ancestorTitles":["","Research Jobs Dashboard - Integration Tests","Research Jobs Flow"],"fullName":" Research Jobs Dashboard - Integration Tests Research Jobs Flow should handle large job lists","status":"passed","title":"should handle large job lists","duration":1,"failureMessages":[]},{"ancestorTitles":["","Research Jobs Dashboard - Integration Tests","Supabase Realtime Subscription"],"fullName":" Research Jobs Dashboard - Integration Tests Supabase Realtime Subscription should subscribe to realtime updates","status":"passed","title":"should subscribe to realtime updates","duration":0,"failureMessages":[]},{"ancestorTitles":["","Research Jobs Dashboard - Integration Tests","Supabase Realtime Subscription"],"fullName":" Research Jobs Dashboard - Integration Tests Supabase Realtime Subscription should handle INSERT realtime event","status":"passed","title":"should handle INSERT realtime event","duration":0,"failureMessages":[]},{"ancestorTitles":["","Research Jobs Dashboard - Integration Tests","Supabase Realtime Subscription"],"fullName":" Research Jobs Dashboard - Integration Tests Supabase Realtime Subscription should handle UPDATE realtime event","status":"passed","title":"should handle UPDATE realtime event","duration":0,"failureMessages":[]},{"ancestorTitles":["","Research Jobs Dashboard - Integration Tests","Supabase Realtime Subscription"],"fullName":" Research Jobs Dashboard - Integration Tests Supabase Realtime Subscription should handle DELETE realtime event","status":"passed","title":"should handle DELETE realtime event","duration":0,"failureMessages":[]},{"ancestorTitles":["","Research Jobs Dashboard - Integration Tests","Supabase Realtime Subscription"],"fullName":" Research Jobs Dashboard - Integration Tests Supabase Realtime Subscription should unsubscribe on unmount","status":"passed","title":"should unsubscribe on unmount","duration":1,"failureMessages":[]},{"ancestorTitles":["","Research Jobs Dashboard - Integration Tests","Component Interaction"],"fullName":" Research Jobs Dashboard - Integration Tests Component Interaction should pass job data to stats cards","status":"passed","title":"should pass job data to stats cards","duration":0,"failureMessages":[]},{"ancestorTitles":["","Research Jobs Dashboard - Integration Tests","Component Interaction"],"fullName":" Research Jobs Dashboard - Integration Tests Component Interaction should render progress bar with correct percentage","status":"passed","title":"should render progress bar with correct percentage","duration":0,"failureMessages":[]},{"ancestorTitles":["","Research Jobs Dashboard - Integration Tests","Component Interaction"],"fullName":" Research Jobs Dashboard - Integration Tests Component Interaction should show cancel button for active jobs","status":"passed","title":"should show cancel button for active jobs","duration":0,"failureMessages":[]},{"ancestorTitles":["","Research Jobs Dashboard - Integration Tests","Component Interaction"],"fullName":" Research Jobs Dashboard - Integration Tests Component Interaction should show retry button for failed jobs","status":"passed","title":"should show retry button for failed jobs","duration":0,"failureMessages":[]},{"ancestorTitles":["","Research Jobs Dashboard - Integration Tests","Component Interaction"],"fullName":" Research Jobs Dashboard - Integration Tests Component Interaction should show view results for completed jobs with results","status":"passed","title":"should show view results for completed jobs with results","duration":0,"failureMessages":[]},{"ancestorTitles":["","Research Jobs Dashboard - Integration Tests","Component Interaction"],"fullName":" Research Jobs Dashboard - Integration Tests Component Interaction should trigger action callbacks","status":"passed","title":"should trigger action callbacks","duration":1,"failureMessages":[]},{"ancestorTitles":["","Research Jobs Dashboard - Integration Tests","Error Boundary Handling"],"fullName":" Research Jobs Dashboard - Integration Tests Error Boundary Handling should handle fetch errors gracefully","status":"passed","title":"should handle fetch errors gracefully","duration":0,"failureMessages":[]},{"ancestorTitles":["","Research Jobs Dashboard - Integration Tests","Error Boundary Handling"],"fullName":" Research Jobs Dashboard - Integration Tests Error Boundary Handling should provide retry functionality on error","status":"passed","title":"should provide retry functionality on error","duration":0,"failureMessages":[]},{"ancestorTitles":["","Research Jobs Dashboard - Integration Tests","Error Boundary Handling"],"fullName":" Research Jobs Dashboard - Integration Tests Error Boundary Handling should handle network errors with auto-retry","status":"passed","title":"should handle network errors with auto-retry","duration":0,"failureMessages":[]},{"ancestorTitles":["","Research Jobs Dashboard - Integration Tests","Error Boundary Handling"],"fullName":" Research Jobs Dashboard - Integration Tests Error Boundary Handling should catch errors in error boundary","status":"passed","title":"should catch errors in error boundary","duration":0,"failureMessages":[]},{"ancestorTitles":["","Research Jobs Dashboard - Integration Tests","Error Boundary Handling"],"fullName":" Research Jobs Dashboard - Integration Tests Error Boundary Handling should recover from error when retry is clicked","status":"passed","title":"should recover from error when retry is clicked","duration":0,"failureMessages":[]},{"ancestorTitles":["","Research Jobs Dashboard - Integration Tests","Mobile Viewport"],"fullName":" Research Jobs Dashboard - Integration Tests Mobile Viewport should render in single column on mobile","status":"passed","title":"should render in single column on mobile","duration":0,"failureMessages":[]},{"ancestorTitles":["","Research Jobs Dashboard - Integration Tests","Mobile Viewport"],"fullName":" Research Jobs Dashboard - Integration Tests Mobile Viewport should render in two columns on tablet","status":"passed","title":"should render in two columns on tablet","duration":0,"failureMessages":[]},{"ancestorTitles":["","Research Jobs Dashboard - Integration Tests","Mobile Viewport"],"fullName":" Research Jobs Dashboard - Integration Tests Mobile Viewport should render in four columns on desktop","status":"passed","title":"should render in four columns on desktop","duration":1,"failureMessages":[]},{"ancestorTitles":["","Research Jobs Dashboard - Integration Tests","Mobile Viewport"],"fullName":" Research Jobs Dashboard - Integration Tests Mobile Viewport should have mobile-friendly sizing","status":"passed","title":"should have mobile-friendly sizing","duration":0,"failureMessages":[]},{"ancestorTitles":["","Research Jobs Dashboard - Integration Tests","Mobile Viewport"],"fullName":" Research Jobs Dashboard - Integration Tests Mobile Viewport should adjust layout for different device sizes","status":"passed","title":"should adjust layout for different device sizes","duration":0,"failureMessages":[]},{"ancestorTitles":["","Research Jobs Dashboard - Integration Tests","Auto-refresh Behavior"],"fullName":" Research Jobs Dashboard - Integration Tests Auto-refresh Behavior should poll for updates every 5 seconds","status":"passed","title":"should poll for updates every 5 seconds","duration":0,"failureMessages":[]},{"ancestorTitles":["","Research Jobs Dashboard - Integration Tests","Auto-refresh Behavior"],"fullName":" Research Jobs Dashboard - Integration Tests Auto-refresh Behavior should skip refresh when already loading","status":"passed","title":"should skip refresh when already loading","duration":0,"failureMessages":[]},{"ancestorTitles":["","Research Jobs Dashboard - Integration Tests","Accessibility"],"fullName":" Research Jobs Dashboard - Integration Tests Accessibility should have proper ARIA attributes on stats cards","status":"passed","title":"should have proper ARIA attributes on stats cards","duration":0,"failureMessages":[]},{"ancestorTitles":["","Research Jobs Dashboard - Integration Tests","Accessibility"],"fullName":" Research Jobs Dashboard - Integration Tests Accessibility should have accessible action buttons","status":"passed","title":"should have accessible action buttons","duration":0,"failureMessages":[]},{"ancestorTitles":["","Research Jobs Dashboard - Integration Tests","Accessibility"],"fullName":" Research Jobs Dashboard - Integration Tests Accessibility should support keyboard navigation","status":"passed","title":"should support keyboard navigation","duration":0,"failureMessages":[]},{"ancestorTitles":["","Research Jobs Dashboard - Integration Tests","Edge Cases"],"fullName":" Research Jobs Dashboard - Integration Tests Edge Cases should handle jobs with missing optional fields","status":"passed","title":"should handle jobs with missing optional fields","duration":0,"failureMessages":[]},{"ancestorTitles":["","Research Jobs Dashboard - Integration Tests","Edge Cases"],"fullName":" Research Jobs Dashboard - Integration Tests Edge Cases should handle rapid state changes","status":"passed","title":"should handle rapid state changes","duration":0,"failureMessages":[]},{"ancestorTitles":["","Research Jobs Dashboard - Integration Tests","Edge Cases"],"fullName":" Research Jobs Dashboard - Integration Tests Edge Cases should handle concurrent job updates","status":"passed","title":"should handle concurrent job updates","duration":0,"failureMessages":[]}],"startTime":1771996942882,"endTime":1771996942889,"status":"passed","message":"","name":"/Users/alariceverett/.openclaw/workspace/tests/integration/research-jobs-dashboard.test.ts"},{"assertionResults":[{"ancestorTitles":["","Email Processor - Configuration","Initialization"],"fullName":" Email Processor - Configuration Initialization should initialize with default config","status":"passed","title":"should initialize with default config","duration":2,"failureMessages":[]},{"ancestorTitles":["","Email Processor - Configuration","Initialization"],"fullName":" Email Processor - Configuration Initialization should accept custom config","status":"passed","title":"should accept custom config","duration":1,"failureMessages":[]},{"ancestorTitles":["","Email Processor - Configuration","Initialization"],"fullName":" Email Processor - Configuration Initialization should initialize queue processor","status":"passed","title":"should initialize queue processor","duration":0,"failureMessages":[]},{"ancestorTitles":["","Email Processor - Configuration","Event Subscription"],"fullName":" Email Processor - Configuration Event Subscription should subscribe to processing events","status":"passed","title":"should subscribe to processing events","duration":0,"failureMessages":[]},{"ancestorTitles":["","Email Processor - Configuration","Event Subscription"],"fullName":" Email Processor - Configuration Event Subscription should emit events during processing","status":"passed","title":"should emit events during processing","duration":3,"failureMessages":[]},{"ancestorTitles":["","Email Processor - Configuration","Event Subscription"],"fullName":" Email Processor - Configuration Event Subscription should handle errors in event listeners gracefully","status":"passed","title":"should handle errors in event listeners gracefully","duration":2,"failureMessages":[]},{"ancestorTitles":["","Email Processor - Configuration","Event Subscription"],"fullName":" Email Processor - Configuration Event Subscription should emit validation stage event","status":"passed","title":"should emit validation stage event","duration":2,"failureMessages":[]},{"ancestorTitles":["","Email Processor - Job Processing","Validation"],"fullName":" Email Processor - Job Processing Validation should reject email without recipient","status":"passed","title":"should reject email without recipient","duration":1,"failureMessages":[]},{"ancestorTitles":["","Email Processor - Job Processing","Validation"],"fullName":" Email Processor - Job Processing Validation should reject email without sender","status":"passed","title":"should reject email without sender","duration":0,"failureMessages":[]},{"ancestorTitles":["","Email Processor - Job Processing","Validation"],"fullName":" Email Processor - Job Processing Validation should reject email without subject","status":"passed","title":"should reject email without subject","duration":0,"failureMessages":[]},{"ancestorTitles":["","Email Processor - Job Processing","Validation"],"fullName":" Email Processor - Job Processing Validation should reject email without content","status":"passed","title":"should reject email without content","duration":0,"failureMessages":[]},{"ancestorTitles":["","Email Processor - Job Processing","Validation"],"fullName":" Email Processor - Job Processing Validation should reject email without account ID","status":"passed","title":"should reject email without account ID","duration":1,"failureMessages":[]},{"ancestorTitles":["","Email Processor - Job Processing","Validation"],"fullName":" Email Processor - Job Processing Validation should reject email with invalid recipient format","status":"passed","title":"should reject email with invalid recipient format","duration":0,"failureMessages":[]},{"ancestorTitles":["","Email Processor - Job Processing","Validation"],"fullName":" Email Processor - Job Processing Validation should reject email with invalid sender format","status":"passed","title":"should reject email with invalid sender format","duration":0,"failureMessages":[]},{"ancestorTitles":["","Email Processor - Job Processing","Rate Limiting"],"fullName":" Email Processor - Job Processing Rate Limiting should check rate limits before sending","status":"passed","title":"should check rate limits before sending","duration":1,"failureMessages":[]},{"ancestorTitles":["","Email Processor - Job Processing","Rate Limiting"],"fullName":" Email Processor - Job Processing Rate Limiting should include retryAfterMs in rate limit error","status":"passed","title":"should include retryAfterMs in rate limit error","duration":1,"failureMessages":[]},{"ancestorTitles":["","Email Processor - Job Processing","Rate Limiting"],"fullName":" Email Processor - Job Processing Rate Limiting should record success on successful send","status":"passed","title":"should record success on successful send","duration":1,"failureMessages":[]},{"ancestorTitles":["","Email Processor - Job Processing","Rate Limiting"],"fullName":" Email Processor - Job Processing Rate Limiting should record failure on failed send","status":"passed","title":"should record failure on failed send","duration":2,"failureMessages":[]},{"ancestorTitles":["","Email Processor - Job Processing","Successful Send"],"fullName":" Email Processor - Job Processing Successful Send should send email successfully","status":"passed","title":"should send email successfully","duration":2,"failureMessages":[]},{"ancestorTitles":["","Email Processor - Job Processing","Successful Send"],"fullName":" Email Processor - Job Processing Successful Send should emit sent event on success","status":"passed","title":"should emit sent event on success","duration":2,"failureMessages":[]},{"ancestorTitles":["","Email Processor - Job Processing","Successful Send"],"fullName":" Email Processor - Job Processing Successful Send should update stats on success","status":"passed","title":"should update stats on success","duration":1,"failureMessages":[]},{"ancestorTitles":["","Email Processor - Job Processing","Failed Send"],"fullName":" Email Processor - Job Processing Failed Send should handle failed send","status":"passed","title":"should handle failed send","duration":2,"failureMessages":[]},{"ancestorTitles":["","Email Processor - Job Processing","Failed Send"],"fullName":" Email Processor - Job Processing Failed Send should emit failed event on failure","status":"passed","title":"should emit failed event on failure","duration":2,"failureMessages":[]},{"ancestorTitles":["","Email Processor - Job Processing","Provider Health"],"fullName":" Email Processor - Job Processing Provider Health should validate provider","status":"passed","title":"should validate provider","duration":0,"failureMessages":[]},{"ancestorTitles":["","Email Processor - Job Processing","Provider Health"],"fullName":" Email Processor - Job Processing Provider Health should check provider health","status":"passed","title":"should check provider health","duration":0,"failureMessages":[]},{"ancestorTitles":["","Email Processor - Job Processing","Provider Health"],"fullName":" Email Processor - Job Processing Provider Health should report unhealthy when provider fails","status":"passed","title":"should report unhealthy when provider fails","duration":0,"failureMessages":[]},{"ancestorTitles":["","Email Processor - Job Processing","Control Methods"],"fullName":" Email Processor - Job Processing Control Methods should pause processing","status":"passed","title":"should pause processing","duration":1,"failureMessages":[]},{"ancestorTitles":["","Email Processor - Job Processing","Control Methods"],"fullName":" Email Processor - Job Processing Control Methods should resume processing","status":"passed","title":"should resume processing","duration":0,"failureMessages":[]},{"ancestorTitles":["","Email Processor - Job Processing","Queue Management"],"fullName":" Email Processor - Job Processing Queue Management should requeue a failed job","status":"passed","title":"should requeue a failed job","duration":0,"failureMessages":[]},{"ancestorTitles":["","Email Processor - Job Processing","Queue Management"],"fullName":" Email Processor - Job Processing Queue Management should remove a job","status":"passed","title":"should remove a job","duration":0,"failureMessages":[]},{"ancestorTitles":["","Email Processor - Job Processing","Queue Management"],"fullName":" Email Processor - Job Processing Queue Management should get queue stats","status":"passed","title":"should get queue stats","duration":1,"failureMessages":[]},{"ancestorTitles":["","Email Processor - Stats"],"fullName":" Email Processor - Stats should track processed count","status":"passed","title":"should track processed count","duration":0,"failureMessages":[]},{"ancestorTitles":["","Email Processor - Stats"],"fullName":" Email Processor - Stats should calculate success rate","status":"passed","title":"should calculate success rate","duration":3,"failureMessages":[]},{"ancestorTitles":["","Email Processor - Stats"],"fullName":" Email Processor - Stats should track failure count","status":"passed","title":"should track failure count","duration":2,"failureMessages":[]},{"ancestorTitles":["","Email Processor - Stats"],"fullName":" Email Processor - Stats should report isRunning status","status":"passed","title":"should report isRunning status","duration":0,"failureMessages":[]},{"ancestorTitles":["","createEmailJob"],"fullName":" createEmailJob should create job with defaults","status":"passed","title":"should create job with defaults","duration":1,"failureMessages":[]},{"ancestorTitles":["","createEmailJob"],"fullName":" createEmailJob should override defaults with provided values","status":"passed","title":"should override defaults with provided values","duration":0,"failureMessages":[]},{"ancestorTitles":["","createEmailJob"],"fullName":" createEmailJob should prefer html over default text","status":"passed","title":"should prefer html over default text","duration":0,"failureMessages":[]},{"ancestorTitles":["","isRateLimitError"],"fullName":" isRateLimitError should identify rate limit errors","status":"passed","title":"should identify rate limit errors","duration":0,"failureMessages":[]},{"ancestorTitles":["","isRateLimitError"],"fullName":" isRateLimitError should not identify regular errors","status":"passed","title":"should not identify regular errors","duration":1,"failureMessages":[]},{"ancestorTitles":["","isRateLimitError"],"fullName":" isRateLimitError should not identify non-errors","status":"passed","title":"should not identify non-errors","duration":0,"failureMessages":[]}],"startTime":1771996942926,"endTime":1771996942961,"status":"passed","message":"","name":"/Users/alariceverett/.openclaw/workspace/tests/unit/email-processor.test.ts"},{"assertionResults":[{"ancestorTitles":["","Email Queue - Constants","QUEUE_NAMES"],"fullName":" Email Queue - Constants QUEUE_NAMES should have all required queue names","status":"passed","title":"should have all required queue names","duration":0,"failureMessages":[]},{"ancestorTitles":["","Email Queue - Constants","PRIORITY_QUEUES"],"fullName":" Email Queue - Constants PRIORITY_QUEUES should map priorities to correct queues","status":"passed","title":"should map priorities to correct queues","duration":0,"failureMessages":[]},{"ancestorTitles":["","Email Queue - Constants","DEFAULT_BACKOFF"],"fullName":" Email Queue - Constants DEFAULT_BACKOFF should use exponential backoff by default","status":"passed","title":"should use exponential backoff by default","duration":0,"failureMessages":[]},{"ancestorTitles":["","Email Queue - Constants","RETRY_DELAYS"],"fullName":" Email Queue - Constants RETRY_DELAYS should have correct backoff delays","status":"passed","title":"should have correct backoff delays","duration":0,"failureMessages":[]},{"ancestorTitles":["","Email Queue - Constants","MAX_RETRIES"],"fullName":" Email Queue - Constants MAX_RETRIES should be 3 by default","status":"passed","title":"should be 3 by default","duration":0,"failureMessages":[]},{"ancestorTitles":["","EmailQueueService - Queue Management","Initialization"],"fullName":" EmailQueueService - Queue Management Initialization should create all queues on initialization","status":"passed","title":"should create all queues on initialization","duration":1,"failureMessages":[]},{"ancestorTitles":["","EmailQueueService - Queue Management","Add Email"],"fullName":" EmailQueueService - Queue Management Add Email should add email to correct queue based on priority","status":"passed","title":"should add email to correct queue based on priority","duration":1,"failureMessages":[]},{"ancestorTitles":["","EmailQueueService - Queue Management","Add Email"],"fullName":" EmailQueueService - Queue Management Add Email should add normal priority to normal queue","status":"passed","title":"should add normal priority to normal queue","duration":0,"failureMessages":[]},{"ancestorTitles":["","EmailQueueService - Queue Management","Add Email"],"fullName":" EmailQueueService - Queue Management Add Email should add low priority to bulk queue","status":"passed","title":"should add low priority to bulk queue","duration":0,"failureMessages":[]},{"ancestorTitles":["","EmailQueueService - Queue Management","Add Email"],"fullName":" EmailQueueService - Queue Management Add Email should default to normal queue when priority not specified","status":"passed","title":"should default to normal queue when priority not specified","duration":0,"failureMessages":[]},{"ancestorTitles":["","EmailQueueService - Queue Management","Add Email"],"fullName":" EmailQueueService - Queue Management Add Email should generate job ID if not provided","status":"passed","title":"should generate job ID if not provided","duration":0,"failureMessages":[]},{"ancestorTitles":["","EmailQueueService - Queue Management","Queue Stats"],"fullName":" EmailQueueService - Queue Management Queue Stats should return stats for all queues","status":"passed","title":"should return stats for all queues","duration":0,"failureMessages":[]},{"ancestorTitles":["","EmailQueueService - Queue Management","Queue Stats"],"fullName":" EmailQueueService - Queue Management Queue Stats should return 0 counts for empty queues","status":"passed","title":"should return 0 counts for empty queues","duration":1,"failureMessages":[]},{"ancestorTitles":["","EmailQueueService - Queue Management","Queue Stats"],"fullName":" EmailQueueService - Queue Management Queue Stats should return empty stats for unknown queue","status":"passed","title":"should return empty stats for unknown queue","duration":0,"failureMessages":[]},{"ancestorTitles":["","EmailQueueService - Queue Management","Queue Control"],"fullName":" EmailQueueService - Queue Management Queue Control should pause specific queue","status":"passed","title":"should pause specific queue","duration":1,"failureMessages":[]},{"ancestorTitles":["","EmailQueueService - Queue Management","Queue Control"],"fullName":" EmailQueueService - Queue Management Queue Control should resume specific queue","status":"passed","title":"should resume specific queue","duration":0,"failureMessages":[]},{"ancestorTitles":["","EmailQueueService - Queue Management","Queue Control"],"fullName":" EmailQueueService - Queue Management Queue Control should pause all queues","status":"passed","title":"should pause all queues","duration":0,"failureMessages":[]},{"ancestorTitles":["","EmailQueueService - Queue Management","Queue Control"],"fullName":" EmailQueueService - Queue Management Queue Control should resume all queues","status":"passed","title":"should resume all queues","duration":0,"failureMessages":[]},{"ancestorTitles":["","EmailQueueService - Queue Management","Job Management"],"fullName":" EmailQueueService - Queue Management Job Management should get job by ID","status":"passed","title":"should get job by ID","duration":1,"failureMessages":[]},{"ancestorTitles":["","EmailQueueService - Queue Management","Job Management"],"fullName":" EmailQueueService - Queue Management Job Management should return undefined for unknown job","status":"passed","title":"should return undefined for unknown job","duration":0,"failureMessages":[]},{"ancestorTitles":["","EmailQueueService - Queue Management","Job Management"],"fullName":" EmailQueueService - Queue Management Job Management should remove job from queue","status":"passed","title":"should remove job from queue","duration":0,"failureMessages":[]},{"ancestorTitles":["","EmailQueueService - Queue Management","Job Management"],"fullName":" EmailQueueService - Queue Management Job Management should return false when removing unknown job","status":"passed","title":"should return false when removing unknown job","duration":0,"failureMessages":[]},{"ancestorTitles":["","EmailQueueService - Queue Management","Event Subscription"],"fullName":" EmailQueueService - Queue Management Event Subscription should subscribe to queue events","status":"passed","title":"should subscribe to queue events","duration":0,"failureMessages":[]},{"ancestorTitles":["","EmailQueueService - Queue Management","Event Subscription"],"fullName":" EmailQueueService - Queue Management Event Subscription should emit job:added events","status":"passed","title":"should emit job:added events","duration":0,"failureMessages":[]},{"ancestorTitles":["","EmailQueueService - Queue Management","Dead Letter Queue"],"fullName":" EmailQueueService - Queue Management Dead Letter Queue should get failed jobs from dead letter queue","status":"passed","title":"should get failed jobs from dead letter queue","duration":0,"failureMessages":[]},{"ancestorTitles":["","EmailQueueService - Queue Management","Dead Letter Queue"],"fullName":" EmailQueueService - Queue Management Dead Letter Queue should retry failed job","status":"passed","title":"should retry failed job","duration":1,"failureMessages":[]},{"ancestorTitles":["","EmailQueueService - Queue Management","Obliterate"],"fullName":" EmailQueueService - Queue Management Obliterate should clear all queues","status":"passed","title":"should clear all queues","duration":0,"failureMessages":[]},{"ancestorTitles":["","EmailQueueService - Singleton"],"fullName":" EmailQueueService - Singleton should return the same instance","status":"passed","title":"should return the same instance","duration":0,"failureMessages":[]},{"ancestorTitles":["","EmailQueueService - Singleton"],"fullName":" EmailQueueService - Singleton should create new instance after reset","status":"passed","title":"should create new instance after reset","duration":0,"failureMessages":[]},{"ancestorTitles":["","Email Job Validation"],"fullName":" Email Job Validation should validate required fields","status":"passed","title":"should validate required fields","duration":0,"failureMessages":[]},{"ancestorTitles":["","Email Job Validation"],"fullName":" Email Job Validation should validate content requirement","status":"passed","title":"should validate content requirement","duration":0,"failureMessages":[]},{"ancestorTitles":["","Email Job Validation"],"fullName":" Email Job Validation should validate email format","status":"passed","title":"should validate email format","duration":1,"failureMessages":[]},{"ancestorTitles":["","Email Job Validation"],"fullName":" Email Job Validation should validate account ID","status":"passed","title":"should validate account ID","duration":0,"failureMessages":[]},{"ancestorTitles":["","Email Job Validation"],"fullName":" Email Job Validation should validate account age","status":"passed","title":"should validate account age","duration":0,"failureMessages":[]},{"ancestorTitles":["","Email Job Validation"],"fullName":" Email Job Validation should validate valid email job","status":"passed","title":"should validate valid email job","duration":0,"failureMessages":[]},{"ancestorTitles":["","Email Job Validation"],"fullName":" Email Job Validation should accept html content","status":"passed","title":"should accept html content","duration":0,"failureMessages":[]},{"ancestorTitles":["","Email Job Validation"],"fullName":" Email Job Validation should accept both html and text content","status":"passed","title":"should accept both html and text content","duration":0,"failureMessages":[]},{"ancestorTitles":["","generateJobId"],"fullName":" generateJobId should generate unique IDs","status":"passed","title":"should generate unique IDs","duration":0,"failureMessages":[]},{"ancestorTitles":["","generateJobId"],"fullName":" generateJobId should include timestamp","status":"passed","title":"should include timestamp","duration":0,"failureMessages":[]}],"startTime":1771996943605,"endTime":1771996943613,"status":"passed","message":"","name":"/Users/alariceverett/.openclaw/workspace/tests/unit/email-queue.test.ts"},{"assertionResults":[{"ancestorTitles":["","PredictiveGuard - Pattern Detection","Pattern Analysis"],"fullName":" PredictiveGuard - Pattern Detection Pattern Analysis should analyze historical tasks and identify patterns","status":"passed","title":"should analyze historical tasks and identify patterns","duration":1,"failureMessages":[]},{"ancestorTitles":["","PredictiveGuard - Pattern Detection","Pattern Analysis"],"fullName":" PredictiveGuard - Pattern Detection Pattern Analysis should detect high-priority tasks without dependencies pattern","status":"passed","title":"should detect high-priority tasks without dependencies pattern","duration":1,"failureMessages":[]},{"ancestorTitles":["","PredictiveGuard - Pattern Detection","Pattern Analysis"],"fullName":" PredictiveGuard - Pattern Detection Pattern Analysis should detect unassigned large tasks pattern","status":"passed","title":"should detect unassigned large tasks pattern","duration":0,"failureMessages":[]},{"ancestorTitles":["","PredictiveGuard - Pattern Detection","Pattern Analysis"],"fullName":" PredictiveGuard - Pattern Detection Pattern Analysis should detect external dependency pattern","status":"passed","title":"should detect external dependency pattern","duration":0,"failureMessages":[]},{"ancestorTitles":["","PredictiveGuard - Pattern Detection","Pattern Analysis"],"fullName":" PredictiveGuard - Pattern Detection Pattern Analysis should return empty array when no blocked tasks exist","status":"passed","title":"should return empty array when no blocked tasks exist","duration":0,"failureMessages":[]},{"ancestorTitles":["","PredictiveGuard - Pattern Detection","Pattern Analysis"],"fullName":" PredictiveGuard - Pattern Detection Pattern Analysis should calculate frequency for each pattern","status":"passed","title":"should calculate frequency for each pattern","duration":0,"failureMessages":[]},{"ancestorTitles":["","PredictiveGuard - Pattern Detection","Pattern Analysis"],"fullName":" PredictiveGuard - Pattern Detection Pattern Analysis should calculate average resolution time","status":"passed","title":"should calculate average resolution time","duration":0,"failureMessages":[]},{"ancestorTitles":["","PredictiveGuard - Pattern Detection","Pattern Analysis"],"fullName":" PredictiveGuard - Pattern Detection Pattern Analysis should assign severity levels to patterns","status":"passed","title":"should assign severity levels to patterns","duration":1,"failureMessages":[]},{"ancestorTitles":["","PredictiveGuard - Pattern Detection","Pattern Analysis"],"fullName":" PredictiveGuard - Pattern Detection Pattern Analysis should track occurrence count for patterns","status":"passed","title":"should track occurrence count for patterns","duration":0,"failureMessages":[]},{"ancestorTitles":["","PredictiveGuard - Pattern Detection","Condition Evaluation"],"fullName":" PredictiveGuard - Pattern Detection Condition Evaluation should evaluate equals operator correctly","status":"passed","title":"should evaluate equals operator correctly","duration":1,"failureMessages":[]},{"ancestorTitles":["","PredictiveGuard - Pattern Detection","Condition Evaluation"],"fullName":" PredictiveGuard - Pattern Detection Condition Evaluation should evaluate contains operator correctly","status":"passed","title":"should evaluate contains operator correctly","duration":0,"failureMessages":[]},{"ancestorTitles":["","PredictiveGuard - Pattern Detection","Condition Evaluation"],"fullName":" PredictiveGuard - Pattern Detection Condition Evaluation should evaluate gt operator for numeric comparisons","status":"passed","title":"should evaluate gt operator for numeric comparisons","duration":0,"failureMessages":[]},{"ancestorTitles":["","PredictiveGuard - Pattern Detection","Condition Evaluation"],"fullName":" PredictiveGuard - Pattern Detection Condition Evaluation should evaluate missing operator for empty fields","status":"passed","title":"should evaluate missing operator for empty fields","duration":1,"failureMessages":[]},{"ancestorTitles":["","PredictiveGuard - Pattern Detection","Condition Evaluation"],"fullName":" PredictiveGuard - Pattern Detection Condition Evaluation should evaluate exists operator correctly","status":"passed","title":"should evaluate exists operator correctly","duration":0,"failureMessages":[]},{"ancestorTitles":["","PredictiveGuard - Pattern Detection","Blocker Prediction"],"fullName":" PredictiveGuard - Pattern Detection Blocker Prediction should predict blockers for current tasks","status":"passed","title":"should predict blockers for current tasks","duration":0,"failureMessages":[]},{"ancestorTitles":["","PredictiveGuard - Pattern Detection","Blocker Prediction"],"fullName":" PredictiveGuard - Pattern Detection Blocker Prediction should filter predictions by minimum confidence","status":"passed","title":"should filter predictions by minimum confidence","duration":0,"failureMessages":[]},{"ancestorTitles":["","PredictiveGuard - Pattern Detection","Blocker Prediction"],"fullName":" PredictiveGuard - Pattern Detection Blocker Prediction should respect max predictions limit","status":"passed","title":"should respect max predictions limit","duration":1,"failureMessages":[]},{"ancestorTitles":["","PredictiveGuard - Pattern Detection","Blocker Prediction"],"fullName":" PredictiveGuard - Pattern Detection Blocker Prediction should sort predictions by confidence (highest first)","status":"passed","title":"should sort predictions by confidence (highest first)","duration":1,"failureMessages":[]},{"ancestorTitles":["","PredictiveGuard - Pattern Detection","Blocker Prediction"],"fullName":" PredictiveGuard - Pattern Detection Blocker Prediction should skip completed tasks in prediction","status":"passed","title":"should skip completed tasks in prediction","duration":0,"failureMessages":[]},{"ancestorTitles":["","PredictiveGuard - Pattern Detection","Blocker Prediction"],"fullName":" PredictiveGuard - Pattern Detection Blocker Prediction should set predicted block time within lookahead window","status":"passed","title":"should set predicted block time within lookahead window","duration":0,"failureMessages":[]},{"ancestorTitles":["","PredictiveGuard - Pattern Detection","Blocker Prediction"],"fullName":" PredictiveGuard - Pattern Detection Blocker Prediction should generate contributing factors for predictions","status":"passed","title":"should generate contributing factors for predictions","duration":0,"failureMessages":[]},{"ancestorTitles":["","PredictiveGuard - Pattern Detection","Blocker Prediction"],"fullName":" PredictiveGuard - Pattern Detection Blocker Prediction should provide recommended actions for each prediction","status":"passed","title":"should provide recommended actions for each prediction","duration":0,"failureMessages":[]},{"ancestorTitles":["","PredictiveGuard - Pattern Detection","Mitigation Tasks"],"fullName":" PredictiveGuard - Pattern Detection Mitigation Tasks should auto-generate mitigation tasks above threshold","status":"passed","title":"should auto-generate mitigation tasks above threshold","duration":1,"failureMessages":[]},{"ancestorTitles":["","PredictiveGuard - Pattern Detection","Mitigation Tasks"],"fullName":" PredictiveGuard - Pattern Detection Mitigation Tasks should generate specific mitigation for dependency pattern","status":"passed","title":"should generate specific mitigation for dependency pattern","duration":0,"failureMessages":[]},{"ancestorTitles":["","PredictiveGuard - Pattern Detection","Mitigation Tasks"],"fullName":" PredictiveGuard - Pattern Detection Mitigation Tasks should include estimated hours in mitigation tasks","status":"passed","title":"should include estimated hours in mitigation tasks","duration":0,"failureMessages":[]},{"ancestorTitles":["","PredictiveGuard - Pattern Detection","Mitigation Tasks"],"fullName":" PredictiveGuard - Pattern Detection Mitigation Tasks should link mitigation tasks to parent tasks","status":"passed","title":"should link mitigation tasks to parent tasks","duration":0,"failureMessages":[]},{"ancestorTitles":["","PredictiveGuard - Pattern Detection","Pattern Management"],"fullName":" PredictiveGuard - Pattern Detection Pattern Management should return all stored patterns","status":"passed","title":"should return all stored patterns","duration":0,"failureMessages":[]},{"ancestorTitles":["","PredictiveGuard - Pattern Detection","Pattern Management"],"fullName":" PredictiveGuard - Pattern Detection Pattern Management should return empty array before analysis","status":"passed","title":"should return empty array before analysis","duration":0,"failureMessages":[]},{"ancestorTitles":["","PredictiveGuard - Pattern Detection","Pattern Management"],"fullName":" PredictiveGuard - Pattern Detection Pattern Management should return all active predictions","status":"passed","title":"should return all active predictions","duration":1,"failureMessages":[]},{"ancestorTitles":["","PredictiveGuard - Pattern Detection","Pattern Management"],"fullName":" PredictiveGuard - Pattern Detection Pattern Management should clear predictions without affecting patterns","status":"passed","title":"should clear predictions without affecting patterns","duration":0,"failureMessages":[]},{"ancestorTitles":["","PredictiveGuard - Pattern Detection","Pattern Management"],"fullName":" PredictiveGuard - Pattern Detection Pattern Management should allow updating auto-mitigate threshold","status":"passed","title":"should allow updating auto-mitigate threshold","duration":0,"failureMessages":[]},{"ancestorTitles":["","PredictiveGuard - Pattern Detection","Pattern Management"],"fullName":" PredictiveGuard - Pattern Detection Pattern Management should clamp threshold to [0, 1] range","
[...]
ilureMessages":[]},{"ancestorTitles":["","EmailRateLimiter - Singleton"],"fullName":" EmailRateLimiter - Singleton should return the same instance when calling getEmailRateLimiter multiple times","status":"passed","title":"should return the same instance when calling getEmailRateLimiter multiple times","duration":1,"failureMessages":[]},{"ancestorTitles":["","EmailRateLimiter - Singleton"],"fullName":" EmailRateLimiter - Singleton should create new instance after reset","status":"passed","title":"should create new instance after reset","duration":0,"failureMessages":[]}],"startTime":1771996942906,"endTime":1771996942920,"status":"passed","message":"","name":"/Users/alariceverett/.openclaw/workspace/tests/unit/rate-limiter.test.ts"},{"assertionResults":[{"ancestorTitles":["","Recommendation Engine - Scoring Logic","Trend Impact Scoring"],"fullName":" Recommendation Engine - Scoring Logic Trend Impact Scoring should assign -100 for critical decline (<= -15%)","status":"passed","title":"should assign -100 for critical decline (<= -15%)","duration":2,"failureMessages":[]},{"ancestorTitles":["","Recommendation Engine - Scoring Logic","Trend Impact Scoring"],"fullName":" Recommendation Engine - Scoring Logic Trend Impact Scoring should assign -70 for warning decline (-15% < change <= -5%)","status":"passed","title":"should assign -70 for warning decline (-15% < change <= -5%)","duration":0,"failureMessages":[]},{"ancestorTitles":["","Recommendation Engine - Scoring Logic","Trend Impact Scoring"],"fullName":" Recommendation Engine - Scoring Logic Trend Impact Scoring should assign -40 for mild decline (-5% < change < 0%)","status":"passed","title":"should assign -40 for mild decline (-5% < change < 0%)","duration":0,"failureMessages":[]},{"ancestorTitles":["","Recommendation Engine - Scoring Logic","Trend Impact Scoring"],"fullName":" Recommendation Engine - Scoring Logic Trend Impact Scoring should assign +80 for strong growth (>= 10%)","status":"passed","title":"should assign +80 for strong growth (>= 10%)","duration":1,"failureMessages":[]},{"ancestorTitles":["","Recommendation Engine - Scoring Logic","Trend Impact Scoring"],"fullName":" Recommendation Engine - Scoring Logic Trend Impact Scoring should assign +40 for mild growth (0% < change < 10%)","status":"passed","title":"should assign +40 for mild growth (0% < change < 10%)","duration":0,"failureMessages":[]},{"ancestorTitles":["","Recommendation Engine - Scoring Logic","Confidence Score Calculation"],"fullName":" Recommendation Engine - Scoring Logic Confidence Score Calculation should calculate weighted confidence score correctly","status":"passed","title":"should calculate weighted confidence score correctly","duration":0,"failureMessages":[]},{"ancestorTitles":["","Recommendation Engine - Scoring Logic","Confidence Score Calculation"],"fullName":" Recommendation Engine - Scoring Logic Confidence Score Calculation should handle missing historical accuracy with defaults","status":"passed","title":"should handle missing historical accuracy with defaults","duration":0,"failureMessages":[]},{"ancestorTitles":["","Recommendation Engine - Scoring Logic","Confidence Score Calculation"],"fullName":" Recommendation Engine - Scoring Logic Confidence Score Calculation should boost confidence for positive feedback signals","status":"passed","title":"should boost confidence for positive feedback signals","duration":1,"failureMessages":[]},{"ancestorTitles":["","Recommendation Engine - Scoring Logic","Priority Determination"],"fullName":" Recommendation Engine - Scoring Logic Priority Determination should return critical priority for trendImpact <= -70","status":"passed","title":"should return critical priority for trendImpact <= -70","duration":0,"failureMessages":[]},{"ancestorTitles":["","Recommendation Engine - Scoring Logic","Priority Determination"],"fullName":" Recommendation Engine - Scoring Logic Priority Determination should return high priority for confidence >= 75","status":"passed","title":"should return high priority for confidence >= 75","duration":1,"failureMessages":[]},{"ancestorTitles":["","Recommendation Engine - Scoring Logic","Priority Determination"],"fullName":" Recommendation Engine - Scoring Logic Priority Determination should return low priority for low confidence scores","status":"passed","title":"should return low priority for low confidence scores","duration":0,"failureMessages":[]},{"ancestorTitles":["","Recommendation Engine - Scoring Logic","Recommendation Generation"],"fullName":" Recommendation Engine - Scoring Logic Recommendation Generation should generate appropriate decline recommendations for negative trends","status":"passed","title":"should generate appropriate decline recommendations for negative trends","duration":1,"failureMessages":[]},{"ancestorTitles":["","Recommendation Engine - Scoring Logic","Recommendation Generation"],"fullName":" Recommendation Engine - Scoring Logic Recommendation Generation should generate growth recommendations for positive trends","status":"passed","title":"should generate growth recommendations for positive trends","duration":0,"failureMessages":[]},{"ancestorTitles":["","Recommendation Engine - Scoring Logic","Recommendation Generation"],"fullName":" Recommendation Engine - Scoring Logic Recommendation Generation should generate blocked tasks recommendation when count >= 2","status":"passed","title":"should generate blocked tasks recommendation when count >= 2","duration":0,"failureMessages":[]},{"ancestorTitles":["","Recommendation Engine - Scoring Logic","Recommendation Generation"],"fullName":" Recommendation Engine - Scoring Logic Recommendation Generation should not generate blocked tasks recommendation when count < 2","status":"passed","title":"should not generate blocked tasks recommendation when count < 2","duration":0,"failureMessages":[]},{"ancestorTitles":["","Recommendation Engine - Scoring Logic","Recommendation Generation"],"fullName":" Recommendation Engine - Scoring Logic Recommendation Generation should sort recommendations by priority then confidence","status":"passed","title":"should sort recommendations by priority then confidence","duration":0,"failureMessages":[]},{"ancestorTitles":["","Recommendation Engine - Scoring Logic","Auto-execution vs Manual Review"],"fullName":" Recommendation Engine - Scoring Logic Auto-execution vs Manual Review should filter auto-executable recommendations above threshold","status":"passed","title":"should filter auto-executable recommendations above threshold","duration":0,"failureMessages":[]},{"ancestorTitles":["","Recommendation Engine - Scoring Logic","Auto-execution vs Manual Review"],"fullName":" Recommendation Engine - Scoring Logic Auto-execution vs Manual Review should exclude manual_review recommendations from auto-executable","status":"passed","title":"should exclude manual_review recommendations from auto-executable","duration":0,"failureMessages":[]},{"ancestorTitles":["","Recommendation Engine - Scoring Logic","Auto-execution vs Manual Review"],"fullName":" Recommendation Engine - Scoring Logic Auto-execution vs Manual Review should filter review queue recommendations","status":"passed","title":"should filter review queue recommendations","duration":0,"failureMessages":[]},{"ancestorTitles":["","Recommendation Engine - Scoring Logic","Confidence Distribution"],"fullName":" Recommendation Engine - Scoring Logic Confidence Distribution should calculate average confidence correctly","status":"passed","title":"should calculate average confidence correctly","duration":0,"failureMessages":[]},{"ancestorTitles":["","Recommendation Engine - Scoring Logic","Confidence Distribution"],"fullName":" Recommendation Engine - Scoring Logic Confidence Distribution should return 0 for empty recommendations array","status":"passed","title":"should return 0 for empty recommendations array","duration":0,"failureMessages":[]},{"ancestorTitles":["","Recommendation Engine - Scoring Logic","Confidence Distribution"],"fullName":" Recommendation Engine - Scoring Logic Confidence Distribution should categorize recommendations by confidence","status":"passed","title":"should categorize recommendations by confidence","duration":0,"failureMessages":[]},{"ancestorTitles":["","Recommendation Engine - Scoring Logic","Confidence Distribution"],"fullName":" Recommendation Engine - Scoring Logic Confidence Distribution should handle edge cases in distribution","status":"passed","title":"should handle edge cases in distribution","duration":1,"failureMessages":[]},{"ancestorTitles":["","Recommendation Engine - Scoring Logic","Dashboard Reorder Recommendations"],"fullName":" Recommendation Engine - Scoring Logic Dashboard Reorder Recommendations should generate dashboard reorder when sufficient signals exist","status":"passed","title":"should generate dashboard reorder when sufficient signals exist","duration":0,"failureMessages":[]},{"ancestorTitles":["","Recommendation Engine - Scoring Logic","Dashboard Reorder Recommendations"],"fullName":" Recommendation Engine - Scoring Logic Dashboard Reorder Recommendations should not generate reorder when fewer than 3 signals","status":"passed","title":"should not generate reorder when fewer than 3 signals","duration":0,"failureMessages":[]},{"ancestorTitles":["","Recommendation Engine - Scoring Logic","Recommendation Metadata"],"fullName":" Recommendation Engine - Scoring Logic Recommendation Metadata should generate unique IDs for each recommendation","status":"passed","title":"should generate unique IDs for each recommendation","duration":0,"failureMessages":[]},{"ancestorTitles":["","Recommendation Engine - Scoring Logic","Recommendation Metadata"],"fullName":" Recommendation Engine - Scoring Logic Recommendation Metadata should set appropriate expiry timestamps","status":"passed","title":"should set appropriate expiry timestamps","duration":0,"failureMessages":[]},{"ancestorTitles":["","Recommendation Engine - Scoring Logic","Recommendation Metadata"],"fullName":" Recommendation Engine - Scoring Logic Recommendation Metadata should include proper source trend references","status":"passed","title":"should include proper source trend references","duration":0,"failureMessages":[]}],"startTime":1771996942909,"endTime":1771996942916,"status":"passed","message":"","name":"/Users/alariceverett/.openclaw/workspace/tests/unit/recommendation-engine.test.ts"},{"assertionResults":[{"ancestorTitles":["","SelfHealingEngine - Retry Logic","Configuration"],"fullName":" SelfHealingEngine - Retry Logic Configuration should use default configuration when no config provided","status":"passed","title":"should use default configuration when no config provided","duration":1,"failureMessages":[]},{"ancestorTitles":["","SelfHealingEngine - Retry Logic","Configuration"],"fullName":" SelfHealingEngine - Retry Logic Configuration should merge custom config with defaults","status":"passed","title":"should merge custom config with defaults","duration":0,"failureMessages":[]},{"ancestorTitles":["","SelfHealingEngine - Retry Logic","Configuration"],"fullName":" SelfHealingEngine - Retry Logic Configuration should respect custom onEvent callback","status":"passed","title":"should respect custom onEvent callback","duration":0,"failureMessages":[]},{"ancestorTitles":["","SelfHealingEngine - Retry Logic","Retry Attempt Limit (3-attempt)"],"fullName":" SelfHealingEngine - Retry Logic Retry Attempt Limit (3-attempt) should attempt recovery up to 3 times before escalation","status":"passed","title":"should attempt recovery up to 3 times before escalation","duration":222,"failureMessages":[]},{"ancestorTitles":["","SelfHealingEngine - Retry Logic","Retry Attempt Limit (3-attempt)"],"fullName":" SelfHealingEngine - Retry Logic Retry Attempt Limit (3-attempt) should escalate to operator after 3 failed attempts","status":"passed","title":"should escalate to operator after 3 failed attempts","duration":504,"failureMessages":[]},{"ancestorTitles":["","SelfHealingEngine - Retry Logic","Retry Attempt Limit (3-attempt)"],"fullName":" SelfHealingEngine - Retry Logic Retry Attempt Limit (3-attempt) should clear task history after successful healing","status":"passed","title":"should clear task history after successful healing","duration":203,"failureMessages":[]},{"ancestorTitles":["","SelfHealingEngine - Retry Logic","Retry Attempt Limit (3-attempt)"],"fullName":" SelfHealingEngine - Retry Logic Retry Attempt Limit (3-attempt) should track attempts in history before escalation","status":"passed","title":"should track attempts in history before escalation","duration":221,"failureMessages":[]},{"ancestorTitles":["","SelfHealingEngine - Retry Logic","Retry Attempt Limit (3-attempt)"],"fullName":" SelfHealingEngine - Retry Logic Retry Attempt Limit (3-attempt) should not process more than max attempts","status":"passed","title":"should not process more than max attempts","duration":114,"failureMessages":[]},{"ancestorTitles":["","SelfHealingEngine - Retry Logic","Exponential Backoff"],"fullName":" SelfHealingEngine - Retry Logic Exponential Backoff should calculate backoff using exponential formula","status":"passed","title":"should calculate backoff using exponential formula","duration":1,"failureMessages":[]},{"ancestorTitles":["","SelfHealingEngine - Retry Logic","Exponential Backoff"],"fullName":" SelfHealingEngine - Retry Logic Exponential Backoff should respect maxDelayMs cap","status":"passed","title":"should respect maxDelayMs cap","duration":0,"failureMessages":[]},{"ancestorTitles":["","SelfHealingEngine - Retry Logic","Exponential Backoff"],"fullName":" SelfHealingEngine - Retry Logic Exponential Backoff should add jitter (±20%) to prevent thundering herd","status":"passed","title":"should add jitter (±20%) to prevent thundering herd","duration":2,"failureMessages":[]},{"ancestorTitles":["","SelfHealingEngine - Retry Logic","Exponential Backoff"],"fullName":" SelfHealingEngine - Retry Logic Exponential Backoff should apply correct delay for each attempt number","status":"passed","title":"should apply correct delay for each attempt number","duration":0,"failureMessages":[]},{"ancestorTitles":["","SelfHealingEngine - Retry Logic","Recovery Actions"],"fullName":" SelfHealingEngine - Retry Logic Recovery Actions should determine correct recovery action based on error type","status":"passed","title":"should determine correct recovery action based on error type","duration":584,"failureMessages":[]},{"ancestorTitles":["","SelfHealingEngine - Retry Logic","Recovery Actions"],"fullName":" SelfHealingEngine - Retry Logic Recovery Actions should handle rate limit errors","status":"passed","title":"should handle rate limit errors","duration":183,"failureMessages":[]},{"ancestorTitles":["","SelfHealingEngine - Retry Logic","Recovery Actions"],"fullName":" SelfHealingEngine - Retry Logic Recovery Actions should handle network errors","status":"passed","title":"should handle network errors","duration":384,"failureMessages":[]},{"ancestorTitles":["","SelfHealingEngine - Retry Logic","Recovery Actions"],"fullName":" SelfHealingEngine - Retry Logic Recovery Actions should handle resource busy errors","status":"passed","title":"should handle resource busy errors","duration":1085,"failureMessages":[]},{"ancestorTitles":["","SelfHealingEngine - Retry Logic","Recovery Actions"],"fullName":" SelfHealingEngine - Retry Logic Recovery Actions should use default action for unrecognized errors","status":"passed","title":"should use default action for unrecognized errors","duration":184,"failureMessages":[]},{"ancestorTitles":["","SelfHealingEngine - Retry Logic","Event Emissions"],"fullName":" SelfHealingEngine - Retry Logic Event Emissions should emit started event when healing begins","status":"passed","title":"should emit started event when healing begins","duration":185,"failureMessages":[]},{"ancestorTitles":["","SelfHealingEngine - Retry Logic","Event Emissions"],"fullName":" SelfHealingEngine - Retry Logic Event Emissions should emit retrying event for each attempt","status":"passed","title":"should emit retrying event for each attempt","duration":221,"failureMessages":[]},{"ancestorTitles":["","SelfHealingEngine - Retry Logic","Event Emissions"],"fullName":" SelfHealingEngine - Retry Logic Event Emissions should emit failed event on unsuccessful attempt","status":"passed","title":"should emit failed event on unsuccessful attempt","duration":220,"failureMessages":[]},{"ancestorTitles":["","SelfHealingEngine - Retry Logic","Event Emissions"],"fullName":" SelfHealingEngine - Retry Logic Event Emissions should emit escalated event after max attempts","status":"passed","title":"should emit escalated event after max attempts","duration":1345,"failureMessages":[]},{"ancestorTitles":["","SelfHealingEngine - Retry Logic","Event Emissions"],"fullName":" SelfHealingEngine - Retry Logic Event Emissions should emit succeeded event on successful recovery","status":"passed","title":"should emit succeeded event on successful recovery","duration":205,"failureMessages":[]},{"ancestorTitles":["","SelfHealingEngine - Retry Logic","Event Emissions"],"fullName":" SelfHealingEngine - Retry Logic Event Emissions should allow multiple event listeners","status":"passed","title":"should allow multiple event listeners","duration":1,"failureMessages":[]},{"ancestorTitles":["","SelfHealingEngine - Retry Logic","Task History Management"],"fullName":" SelfHealingEngine - Retry Logic Task History Management should return empty array for unknown task","status":"passed","title":"should return empty array for unknown task","duration":1,"failureMessages":[]},{"ancestorTitles":["","SelfHealingEngine - Retry Logic","Task History Management"],"fullName":" SelfHealingEngine - Retry Logic Task History Management should clear task history when requested","status":"passed","title":"should clear task history when requested","duration":0,"failureMessages":[]},{"ancestorTitles":["","SelfHealingEngine - Retry Logic","Task History Management"],"fullName":" SelfHealingEngine - Retry Logic Task History Management should isolate history between different task IDs","status":"passed","title":"should isolate history between different task IDs","duration":370,"failureMessages":[]},{"ancestorTitles":["","SelfHealingEngine - Retry Logic","Error Handling"],"fullName":" SelfHealingEngine - Retry Logic Error Handling should handle errors in event listeners gracefully","status":"passed","title":"should handle errors in event listeners gracefully","duration":114,"failureMessages":[]},{"ancestorTitles":["","SelfHealingEngine - Retry Logic","Error Handling"],"fullName":" SelfHealingEngine - Retry Logic Error Handling should handle errors in escalation callback gracefully","status":"passed","title":"should handle errors in escalation callback gracefully","duration":114,"failureMessages":[]},{"ancestorTitles":["","SelfHealingEngine - Retry Logic","Error Handling"],"fullName":" SelfHealingEngine - Retry Logic Error Handling should generate unique IDs for each attempt","status":"passed","title":"should generate unique IDs for each attempt","duration":114,"failureMessages":[]},{"ancestorTitles":["","SelfHealingEngine - Retry Logic","Retry Limits and Timeouts"],"fullName":" SelfHealingEngine - Retry Logic Retry Limits and Timeouts should complete within reasonable time with fast delays","status":"passed","title":"should complete within reasonable time with fast delays","duration":105,"failureMessages":[]},{"ancestorTitles":["","SelfHealingEngine - Retry Logic","Retry Limits and Timeouts"],"fullName":" SelfHealingEngine - Retry Logic Retry Limits and Timeouts should support custom max attempts","status":"passed","title":"should support custom max attempts","duration":104,"failureMessages":[]}],"startTime":1771996943590,"endTime":1771996950381,"status":"passed","message":"","name":"/Users/alariceverett/.openclaw/workspace/tests/unit/self-healing.test.ts"}]}