{"numTotalTestSuites":57,"numPassedTestSuites":57,"numFailedTestSuites":0,"numPendingTestSuites":0,"numTotalTests":158,"numPassedTests":157,"numFailedTests":1,"numPendingTests":0,"numTodoTests":0,"startTime":1771948346582,"success":false,"testResults":[{"assertionResults":[{"ancestorTitles":["","E2E Smoke Tests","/ops Page Loads"],"fullName":" E2E Smoke Tests /ops Page Loads should verify ops route configuration exists","status":"passed","title":"should verify ops route configuration exists","duration":6,"failureMessages":[]},{"ancestorTitles":["","E2E Smoke Tests","/ops Page Loads"],"fullName":" E2E Smoke Tests /ops Page Loads should validate Next.js configuration","status":"passed","title":"should validate Next.js configuration","duration":2,"failureMessages":[]},{"ancestorTitles":["","E2E Smoke Tests","/ops Page Loads"],"fullName":" E2E Smoke Tests /ops Page Loads should have required dependencies installed","status":"passed","title":"should have required dependencies installed","duration":2,"failureMessages":[]},{"ancestorTitles":["","E2E Smoke Tests","Autonomy Dashboard Renders"],"fullName":" E2E Smoke Tests Autonomy Dashboard Renders should verify dashboard components exist","status":"passed","title":"should verify dashboard components exist","duration":1,"failureMessages":[]},{"ancestorTitles":["","E2E Smoke Tests","Autonomy Dashboard Renders"],"fullName":" E2E Smoke Tests Autonomy Dashboard Renders should verify dashboard data fetching utilities exist","status":"passed","title":"should verify dashboard data fetching utilities exist","duration":1,"failureMessages":[]},{"ancestorTitles":["","E2E Smoke Tests","Autonomy Dashboard Renders"],"fullName":" E2E Smoke Tests Autonomy Dashboard Renders should validate TypeScript types for dashboard","status":"passed","title":"should validate TypeScript types for dashboard","duration":1,"failureMessages":[]},{"ancestorTitles":["","E2E Smoke Tests","Autonomy Dashboard Renders"],"fullName":" E2E Smoke Tests Autonomy Dashboard Renders should have autonomy engine modules available","status":"passed","title":"should have autonomy engine modules available","duration":0,"failureMessages":[]},{"ancestorTitles":["","E2E Smoke Tests","Build Passes"],"fullName":" E2E Smoke Tests Build Passes should have valid package.json","status":"passed","title":"should have valid package.json","duration":1,"failureMessages":[]},{"ancestorTitles":["","E2E Smoke Tests","Build Passes"],"fullName":" E2E Smoke Tests Build Passes should have tsconfig.json","status":"passed","title":"should have tsconfig.json","duration":0,"failureMessages":[]},{"ancestorTitles":["","E2E Smoke Tests","Build Passes"],"fullName":" E2E Smoke Tests Build Passes should verify node_modules exists","status":"passed","title":"should verify node_modules exists","duration":0,"failureMessages":[]},{"ancestorTitles":["","E2E Smoke Tests","Build Passes"],"fullName":" E2E Smoke Tests Build Passes should validate lock file exists","status":"passed","title":"should validate lock file exists","duration":1,"failureMessages":[]},{"ancestorTitles":["","E2E Smoke Tests","Build Passes"],"fullName":" E2E Smoke Tests Build Passes should verify build script is defined","status":"passed","title":"should verify build script is defined","duration":0,"failureMessages":[]},{"ancestorTitles":["","E2E Smoke Tests","Build Passes"],"fullName":" E2E Smoke Tests Build Passes should have environment configuration template","status":"passed","title":"should have environment configuration template","duration":0,"failureMessages":[]},{"ancestorTitles":["","E2E Smoke Tests","API Health Checks"],"fullName":" E2E Smoke Tests API Health Checks should verify API directory structure","status":"failed","title":"should verify API directory structure","duration":4,"failureMessages":["expected false to be true // Object.is equality"],"location":{"line":325,"column":25}},{"ancestorTitles":["","E2E Smoke Tests","Static Assets"],"fullName":" E2E Smoke Tests Static Assets should have public assets directory","status":"passed","title":"should have public assets directory","duration":1,"failureMessages":[]},{"ancestorTitles":["","E2E Smoke Tests","Static Assets"],"fullName":" E2E Smoke Tests Static Assets should have favicon.ico or icon in public directory","status":"passed","title":"should have favicon.ico or icon in public directory","duration":8,"failureMessages":[]},{"ancestorTitles":["","E2E Smoke Tests","Module Imports"],"fullName":" E2E Smoke Tests Module Imports should import self-healing module without errors","status":"passed","title":"should import self-healing module without errors","duration":1,"failureMessages":[]},{"ancestorTitles":["","E2E Smoke Tests","Module Imports"],"fullName":" E2E Smoke Tests Module Imports should import predictive-guard module without errors","status":"passed","title":"should import predictive-guard module without errors","duration":1,"failureMessages":[]},{"ancestorTitles":["","E2E Smoke Tests","Module Imports"],"fullName":" E2E Smoke Tests Module Imports should import task-generator module without errors","status":"passed","title":"should import task-generator module without errors","duration":1,"failureMessages":[]},{"ancestorTitles":["","E2E Smoke Tests","Module Imports"],"fullName":" E2E Smoke Tests Module Imports should import recommendation-engine module without errors","status":"passed","title":"should import recommendation-engine module without errors","duration":0,"failureMessages":[]},{"ancestorTitles":["","E2E Smoke Tests","Module Imports"],"fullName":" E2E Smoke Tests Module Imports should import db types module without errors","status":"passed","title":"should import db types module without errors","duration":1,"failureMessages":[]},{"ancestorTitles":["","E2E Smoke Tests","Configuration Validation"],"fullName":" E2E Smoke Tests Configuration Validation should have valid next.config.ts","status":"passed","title":"should have valid next.config.ts","duration":0,"failureMessages":[]},{"ancestorTitles":["","E2E Smoke Tests","Configuration Validation"],"fullName":" E2E Smoke Tests Configuration Validation should have tailwind configuration","status":"passed","title":"should have tailwind configuration","duration":0,"failureMessages":[]},{"ancestorTitles":["","E2E Smoke Tests","Documentation"],"fullName":" E2E Smoke Tests Documentation should have README.md","status":"passed","title":"should have README.md","duration":0,"failureMessages":[]},{"ancestorTitles":["","E2E Smoke Tests","Documentation"],"fullName":" E2E Smoke Tests Documentation should have project documentation in docs folder","status":"passed","title":"should have project documentation in docs folder","duration":0,"failureMessages":[]}],"startTime":1771948347051,"endTime":1771948347084,"status":"failed","message":"","name":"/Users/alariceverett/.openclaw/workspace/tests/e2e/smoke.test.ts"},{"assertionResults":[{"ancestorTitles":["","Autonomy Flow - Integration","Task Generation → Healing Flow"],"fullName":" Autonomy Flow - Integration Task Generation → Healing Flow should generate investigation task from KPI anomaly and heal it","status":"passed","title":"should generate investigation task from KPI anomaly and heal it","duration":512,"failureMessages":[]},{"ancestorTitles":["","Autonomy Flow - Integration","Task Generation → Healing Flow"],"fullName":" Autonomy Flow - Integration Task Generation → Healing Flow should generate unblock task from blocked work and attempt healing","status":"passed","title":"should generate unblock task from blocked work and attempt healing","duration":113,"failureMessages":[]},{"ancestorTitles":["","Autonomy Flow - Integration","Task Generation → Healing Flow"],"fullName":" Autonomy Flow - Integration Task Generation → Healing Flow should handle healing escalation after 3 failed attempts","status":"passed","title":"should handle healing escalation after 3 failed attempts","duration":503,"failureMessages":[]},{"ancestorTitles":["","Autonomy Flow - Integration","Task Generation → Healing Flow"],"fullName":" Autonomy Flow - Integration Task Generation → Healing Flow should correlate related metrics in generated tasks","status":"passed","title":"should correlate related metrics in generated tasks","duration":1,"failureMessages":[]},{"ancestorTitles":["","Autonomy Flow - Integration","Prediction → Task Generation Flow"],"fullName":" Autonomy Flow - Integration Prediction → Task Generation Flow should generate mitigation tasks from predicted blockers","status":"passed","title":"should generate mitigation tasks from predicted blockers","duration":2,"failureMessages":[]},{"ancestorTitles":["","Autonomy Flow - Integration","Dashboard Integration"],"fullName":" Autonomy Flow - Integration Dashboard Integration should generate tasks suitable for dashboard display","status":"passed","title":"should generate tasks suitable for dashboard display","duration":1,"failureMessages":[]},{"ancestorTitles":["","Autonomy Flow - Integration","Dashboard Integration"],"fullName":" Autonomy Flow - Integration Dashboard Integration should track task resolution in dashboard","status":"passed","title":"should track task resolution in dashboard","duration":0,"failureMessages":[]},{"ancestorTitles":["","Autonomy Flow - Integration","Dashboard Integration"],"fullName":" Autonomy Flow - Integration Dashboard Integration should generate tasks with confidence scores for sorting","status":"passed","title":"should generate tasks with confidence scores for sorting","duration":1,"failureMessages":[]},{"ancestorTitles":["","Autonomy Flow - Integration","Batch Processing Flow"],"fullName":" Autonomy Flow - Integration Batch Processing Flow should batch generate tasks from multiple recommendations","status":"passed","title":"should batch generate tasks from multiple recommendations","duration":1,"failureMessages":[]},{"ancestorTitles":["","Autonomy Flow - Integration","Batch Processing Flow"],"fullName":" Autonomy Flow - Integration Batch Processing Flow should filter low confidence recommendations","status":"passed","title":"should filter low confidence recommendations","duration":0,"failureMessages":[]},{"ancestorTitles":["","Autonomy Flow - Integration","Full Autonomy Cycle"],"fullName":" Autonomy Flow - Integration Full Autonomy Cycle should execute full autonomy cycle end-to-end","status":"passed","title":"should execute full autonomy cycle end-to-end","duration":110,"failureMessages":[]},{"ancestorTitles":["","Autonomy Flow - Integration","Full Autonomy Cycle"],"fullName":" Autonomy Flow - Integration Full Autonomy Cycle should handle multiple concurrent anomalies","status":"passed","title":"should handle multiple concurrent anomalies","duration":2,"failureMessages":[]},{"ancestorTitles":["","Autonomy Flow - Integration","Full Autonomy Cycle"],"fullName":" Autonomy Flow - Integration Full Autonomy Cycle should escalate tasks with healing failures","status":"passed","title":"should escalate tasks with healing failures","duration":415,"failureMessages":[]}],"startTime":1771948347063,"endTime":1771948348727,"status":"passed","message":"","name":"/Users/alariceverett/.openclaw/workspace/tests/integration/autonomy-flow.test.ts"},{"assertionResults":[{"ancestorTitles":["","Intelligence Bridge - Recommendation → Action Flow","Recommendation Generation"],"fullName":" Intelligence Bridge - Recommendation → Action Flow Recommendation Generation should generate recommendations from KPI trends","status":"passed","title":"should generate recommendations from KPI trends","duration":0,"failureMessages":[]},{"ancestorTitles":["","Intelligence Bridge - Recommendation → Action Flow","Recommendation Generation"],"fullName":" Intelligence Bridge - Recommendation → Action Flow Recommendation Generation should prioritize critical recommendations","status":"passed","title":"should prioritize critical recommendations","duration":0,"failureMessages":[]},{"ancestorTitles":["","Intelligence Bridge - Recommendation → Action Flow","Recommendation Generation"],"fullName":" Intelligence Bridge - Recommendation → Action Flow Recommendation Generation should apply scoring weights correctly","status":"passed","title":"should apply scoring weights correctly","duration":1,"failureMessages":[]},{"ancestorTitles":["","Intelligence Bridge - Recommendation → Action Flow","Recommendation → Task Transformation"],"fullName":" Intelligence Bridge - Recommendation → Action Flow Recommendation → Task Transformation should transform investigate_decline recommendation to investigation task","status":"passed","title":"should transform investigate_decline recommendation to investigation task","duration":0,"failureMessages":[]},{"ancestorTitles":["","Intelligence Bridge - Recommendation → Action Flow","Recommendation → Task Transformation"],"fullName":" Intelligence Bridge - Recommendation → Action Flow Recommendation → Task Transformation should transform double_down_growth recommendation to strategy task","status":"passed","title":"should transform double_down_growth recommendation to strategy task","duration":0,"failureMessages":[]},{"ancestorTitles":["","Intelligence Bridge - Recommendation → Action Flow","Recommendation → Task Transformation"],"fullName":" Intelligence Bridge - Recommendation → Action Flow Recommendation → Task Transformation should transform blocked_tasks recommendation to unblock task","status":"passed","title":"should transform blocked_tasks recommendation to unblock task","duration":13,"failureMessages":[]},{"ancestorTitles":["","Intelligence Bridge - Recommendation → Action Flow","Recommendation → Task Transformation"],"fullName":" Intelligence Bridge - Recommendation → Action Flow Recommendation → Task Transformation should handle edge case recommendations","status":"passed","title":"should handle edge case recommendations","duration":0,"failureMessages":[]},{"ancestorTitles":["","Intelligence Bridge - Recommendation → Action Flow","Auto-Execution Flow"],"fullName":" Intelligence Bridge - Recommendation → Action Flow Auto-Execution Flow should identify auto-executable recommendations above threshold","status":"passed","title":"should identify auto-executable recommendations above threshold","duration":0,"failureMessages":[]},{"ancestorTitles":["","Intelligence Bridge - Recommendation → Action Flow","Auto-Execution Flow"],"fullName":" Intelligence Bridge - Recommendation → Action Flow Auto-Execution Flow should route critical recommendations to review queue","status":"passed","title":"should route critical recommendations to review queue","duration":0,"failureMessages":[]},{"ancestorTitles":["","Intelligence Bridge - Recommendation → Action Flow","Task Lifecycle Integration"],"fullName":" Intelligence Bridge - Recommendation → Action Flow Task Lifecycle Integration should propagate task status through full lifecycle","status":"passed","title":"should propagate task status through full lifecycle","duration":111,"failureMessages":[]},{"ancestorTitles":["","Intelligence Bridge - Recommendation → Action Flow","Task Lifecycle Integration"],"fullName":" Intelligence Bridge - Recommendation → Action Flow Task Lifecycle Integration should link generated tasks to source recommendations","status":"passed","title":"should link generated tasks to source recommendations","duration":1,"failureMessages":[]},{"ancestorTitles":["","Intelligence Bridge - Recommendation → Action Flow","Task Lifecycle Integration"],"fullName":" Intelligence Bridge - Recommendation → Action Flow Task Lifecycle Integration should preserve metrics from recommendation to task","status":"passed","title":"should preserve metrics from recommendation to task","duration":0,"failureMessages":[]},{"ancestorTitles":["","Intelligence Bridge - Recommendation → Action Flow","Batch Processing"],"fullName":" Intelligence Bridge - Recommendation → Action Flow Batch Processing should process multiple recommendations in batch","status":"passed","title":"should process multiple recommendations in batch","duration":0,"failureMessages":[]},{"ancestorTitles":["","Intelligence Bridge - Recommendation → Action Flow","Batch Processing"],"fullName":" Intelligence Bridge - Recommendation → Action Flow Batch Processing should filter recommendations without sufficient confidence","status":"passed","title":"should filter recommendations without sufficient confidence","duration":0,"failureMessages":[]},{"ancestorTitles":["","Intelligence Bridge - Recommendation → Action Flow","End-to-End Flow"],"fullName":" Intelligence Bridge - Recommendation → Action Flow End-to-End Flow should complete full flow: trends → recommendations → tasks → healing","status":"passed","title":"should complete full flow: trends → recommendations → tasks → healing","duration":110,"failureMessages":[]},{"ancestorTitles":["","Intelligence Bridge - Recommendation → Action Flow","End-to-End Flow"],"fullName":" Intelligence Bridge - Recommendation → Action Flow End-to-End Flow should handle complex recommendation scenarios","status":"passed","title":"should handle complex recommendation scenarios","duration":1,"failureMessages":[]},{"ancestorTitles":["","Intelligence Bridge - Recommendation → Action Flow","Error Handling"],"fullName":" Intelligence Bridge - Recommendation → Action Flow Error Handling should handle transformation errors gracefully","status":"passed","title":"should handle transformation errors gracefully","duration":1,"failureMessages":[]},{"ancestorTitles":["","Intelligence Bridge - Recommendation → Action Flow","Error Handling"],"fullName":" Intelligence Bridge - Recommendation → Action Flow Error Handling should handle missing data in recommendations","status":"passed","title":"should handle missing data in recommendations","duration":0,"failureMessages":[]},{"ancestorTitles":["","Intelligence Bridge - Recommendation → Action Flow","Confidence Correlation"],"fullName":" Intelligence Bridge - Recommendation → Action Flow Confidence Correlation should correlate recommendation confidence to task priority","status":"passed","title":"should correlate recommendation confidence to task priority","duration":1,"failureMessages":[]},{"ancestorTitles":["","Intelligence Bridge - Recommendation → Action Flow","Confidence Correlation"],"fullName":" Intelligence Bridge - Recommendation → Action Flow Confidence Correlation should forward confidence scores to tasks","status":"passed","title":"should forward confidence scores to tasks","duration":0,"failureMessages":[]}],"startTime":1771948347065,"endTime":1771948347304,"status":"passed","message":"","name":"/Users/alariceverett/.openclaw/workspace/tests/integration/intelligence-bridge.test.ts"},{"assertionResults":[{"ancestorTitles":["","PredictiveGuard - Pattern Detection","Pattern Analysis"],"fullName":" PredictiveGuard - Pattern Detection Pattern Analysis should analyze historical tasks and identify patterns","status":"passed","title":"should analyze historical tasks and identify patterns","duration":1,"failureMessages":[]},{"ancestorTitles":["","PredictiveGuard - Pattern Detection","Pattern Analysis"],"fullName":" PredictiveGuard - Pattern Detection Pattern Analysis should detect high-priority tasks without dependencies pattern","status":"passed","title":"should detect high-priority tasks without dependencies pattern","duration":1,"failureMessages":[]},{"ancestorTitles":["","PredictiveGuard - Pattern Detection","Pattern Analysis"],"fullName":" PredictiveGuard - Pattern Detection Pattern Analysis should detect unassigned large tasks pattern","status":"passed","title":"should detect unassigned large tasks pattern","duration":0,"failureMessages":[]},{"ancestorTitles":["","PredictiveGuard - Pattern Detection","Pattern Analysis"],"fullName":" PredictiveGuard - Pattern Detection Pattern Analysis should detect external dependency pattern","status":"passed","title":"should detect external dependency pattern","duration":0,"failureMessages":[]},{"ancestorTitles":["","PredictiveGuard - Pattern Detection","Pattern Analysis"],"fullName":" PredictiveGuard - Pattern Detection Pattern Analysis should return empty array when no blocked tasks exist","status":"passed","title":"should return empty array when no blocked tasks exist","duration":0,"failureMessages":[]},{"ancestorTitles":["","PredictiveGuard - Pattern Detection","Pattern Analysis"],"fullName":" PredictiveGuard - Pattern Detection Pattern Analysis should calculate frequency for each pattern","status":"passed","title":"should calculate frequency for each pattern","duration":1,"failureMessages":[]},{"ancestorTitles":["","PredictiveGuard - Pattern Detection","Pattern Analysis"],"fullName":" PredictiveGuard - Pattern Detection Pattern Analysis should calculate average resolution time","status":"passed","title":"should calculate average resolution time","duration":0,"failureMessages":[]},{"ancestorTitles":["","PredictiveGuard - Pattern Detection","Pattern Analysis"],"fullName":" PredictiveGuard - Pattern Detection Pattern Analysis should assign severity levels to patterns","status":"passed","title":"should assign severity levels to patterns","duration":0,"failureMessages":[]},{"ancestorTitles":["","PredictiveGuard - Pattern Detection","Pattern Analysis"],"fullName":" PredictiveGuard - Pattern Detection Pattern Analysis should track occurrence count for patterns","status":"passed","title":"should track occurrence count for patterns","duration":0,"failureMessages":[]},{"ancestorTitles":["","PredictiveGuard - Pattern Detection","Condition Evaluation"],"fullName":" PredictiveGuard - Pattern Detection Condition Evaluation should evaluate equals operator correctly","status":"passed","title":"should evaluate equals operator correctly","duration":0,"failureMessages":[]},{"ancestorTitles":["","PredictiveGuard - Pattern Detection","Condition Evaluation"],"fullName":" PredictiveGuard - Pattern Detection Condition Evaluation should evaluate contains operator correctly","status":"passed","title":"should evaluate contains operator correctly","duration":1,"failureMessages":[]},{"ancestorTitles":["","PredictiveGuard - Pattern Detection","Condition Evaluation"],"fullName":" PredictiveGuard - Pattern Detection Condition Evaluation should evaluate gt operator for numeric comparisons","status":"passed","title":"should evaluate gt operator for numeric comparisons","duration":0,"failureMessages":[]},{"ancestorTitles":["","PredictiveGuard - Pattern Detection","Condition Evaluation"],"fullName":" PredictiveGuard - Pattern Detection Condition Evaluation should evaluate missing operator for empty fields","status":"passed","title":"should evaluate missing operator for empty fields","duration":0,"failureMessages":[]},{"ancestorTitles":["","PredictiveGuard - Pattern Detection","Condition Evaluation"],"fullName":" PredictiveGuard - Pattern Detection Condition Evaluation should evaluate exists operator correctly","status":"passed","title":"should evaluate exists operator correctly","duration":0,"failureMessages":[]},{"ancestorTitles":["","PredictiveGuard - Pattern Detection","Blocker Prediction"],"fullName":" PredictiveGuard - Pattern Detection Blocker Prediction should predict blockers for current tasks","status":"passed","title":"should predict blockers for current tasks","duration":0,"failureMessages":[]},{"ancestorTitles":["","PredictiveGuard - Pattern Detection","Blocker Prediction"],"fullName":" PredictiveGuard - Pattern Detection Blocker Prediction should filter predictions by minimum confidence","status":"passed","title":"should filter predictions by minimum confidence","duration":0,"failureMessages":[]},{"ancestorTitles":["","PredictiveGuard - Pattern Detection","Blocker Prediction"],"fullName":" PredictiveGuard - Pattern Detection Blocker Prediction should respect max predictions limit","status":"passed","title":"should respect max predictions limit","duration":0,"failureMessages":[]},{"ancestorTitles":["","PredictiveGuard - Pattern Detection","Blocker Prediction"],"fullName":" PredictiveGuard - Pattern Detection Blocker Prediction should sort predictions by confidence (highest first)","status":"passed","title":"should sort predictions by confidence (highest first)","duration":1,"failureMessages":[]},{"ancestorTitles":["","PredictiveGuard - Pattern Detection","Blocker Prediction"],"fullName":" PredictiveGuard - Pattern Detection Blocker Prediction should skip completed tasks in prediction","status":"passed","title":"should skip completed tasks in prediction","duration":0,"failureMessages":[]},{"ancestorTitles":["","PredictiveGuard - Pattern Detection","Blocker Prediction"],"fullName":" PredictiveGuard - Pattern Detection Blocker Prediction should set predicted block time within lookahead window","status":"passed","title":"should set predicted block time within lookahead window","duration":0,"failureMessages":[]},{"ancestorTitles":["","PredictiveGuard - Pattern Detection","Blocker Prediction"],"fullName":" PredictiveGuard - Pattern Detection Blocker Prediction should generate contributing factors for predictions","status":"passed","title":"should generate contributing factors for predictions","duration":0,"failureMessages":[]},{"ancestorTitles":["","PredictiveGuard - Pattern Detection","Blocker Prediction"],"fullName":" PredictiveGuard - Pattern Detection Blocker Prediction should provide recommended actions for each prediction","status":"passed","title":"should provide recommended actions for each prediction","duration":0,"failureMessages":[]},{"ancestorTitles":["","PredictiveGuard - Pattern Detection","Mitigation Tasks"],"fullName":" PredictiveGuard - Pattern Detection Mitigation Tasks should auto-generate mitigation tasks above threshold","status":"passed","title":"should auto-generate mitigation tasks above threshold","duration":0,"failureMessages":[]},{"ancestorTitles":["","PredictiveGuard - Pattern Detection","Mitigation Tasks"],"fullName":" PredictiveGuard - Pattern Detection Mitigation Tasks should generate specific mitigation for dependency pattern","status":"passed","title":"should generate specific mitigation for dependency pattern","duration":0,"failureMessages":[]},{"ancestorTitles":["","PredictiveGuard - Pattern Detection","Mitigation Tasks"],"fullName":" PredictiveGuard - Pattern Detection Mitigation Tasks should include estimated hours in mitigation tasks","status":"passed","title":"should include estimated hours in mitigation tasks","duration":0,"failureMessages":[]},{"ancestorTitles":["","PredictiveGuard - Pattern Detection","Mitigation Tasks"],"fullName":" PredictiveGuard - Pattern Detection Mitigation Tasks should link mitigation tasks to parent tasks","status":"passed","title":"should link mitigation tasks to parent tasks","duration":0,"failureMessages":[]},{"ancestorTitles":["","PredictiveGuard - Pattern Detection","Pattern Management"],"fullName":" PredictiveGuard - Pattern Detection Pattern Management should return all stored patterns","status":"passed","title":"should return all stored patterns","duration":0,"failureMessages":[]},{"ancestorTitles":["","PredictiveGuard - Pattern Detection","Pattern Management"],"fullName":" PredictiveGuard - Pattern Detection Pattern Management should return empty array before analysis","status":"passed","title":"should return empty array before analysis","duration":0,"failureMessages":[]},{"ancestorTitles":["","PredictiveGuard - Pattern Detection","Pattern Management"],"fullName":" PredictiveGuard - Pattern Detection Pattern Management should return all active predictions","status":"passed","title":"should return all active predictions","duration":0,"failureMessages":[]},{"ancestorTitles":["","PredictiveGuard - Pattern Detection","Pattern Management"],"fullName":" PredictiveGuard - Pattern Detection Pattern Management should clear predictions without affecting patterns","status":"passed","title":"should clear predictions without affecting patterns","duration":1,"failureMessages":[]},{"ancestorTitles":["","PredictiveGuard - Pattern Detection","Pattern Management"],"fullName":" PredictiveGuard - Pattern Detection Pattern Management should allow updating auto-mitigate threshold","status":"passed","title":"should allow updating auto-mitigate threshold","duration":0,"failureMessages":[]},{"ancestorTitles":["","PredictiveGuard - Pattern Detection","Pattern Management"],"fullName":" PredictiveGuard - Pattern Detection Pattern Management should clamp threshold to [0, 1] range","status":"passed","title":"should clamp threshold to [0, 1] range","duration":0,"failureMessages":[]},{"ancestorTitles":["","PredictiveGuard - Pattern Detection","Factory Function"],"fullName":" PredictiveGuard - Pattern Detection Factory Function should create guard with default options","status":"passed","title":"should create guard with default options","duration":0,"failureMessages":[]},{"ancestorTitles":["","PredictiveGuard - Pattern Detection","Factory Function"],"fullName":" PredictiveGuard - Pattern Detection Factory Function should create guard with custom threshold","status":"passed","title":"should create guard with custom threshold","duration":0,"failureMessages":[]},{"ancestorTitles":["","PredictiveGuard - Pattern Detection","Edge Cases"],"fullName":" PredictiveGuard - Pattern Detection Edge Cases should handle empty task arrays","status":"passed","title":"should handle empty task arrays","duration":0,"failureMessages":[]},{"ancestorTitles":["","PredictiveGuard - Pattern Detection","Edge Cases"],"fullName":" PredictiveGuard - Pattern Detection Edge Cases should handle tasks without blocked dates","status":"passed","title":"should handle tasks without blocked dates","duration":0,"failureMessages":[]},{"ancestorTitles":["","PredictiveGuard - Pattern Detection","Edge Cases"],"fullName":" PredictiveGuard - Pattern Detection Edge Cases should handle weekend timing patterns","status":"passed","title":"should handle weekend timing patterns","duration":0,"failureMessages":[]},{"ancestorTitles":["","PredictiveGuard - Pattern Detection","Edge Cases"],"fullName":" PredictiveGuard - Pattern Detection Edge Cases should handle underestimation patterns","status":"passed","title":"should handle underestimation patterns","duration":1,"failureMessages":[]},{"ancestorTitles":["","PredictiveGuard - Pattern Detection","Edge Cases"],"fullName":" PredictiveGuard - Pattern Detection Edge Cases should handle assignee overload patterns","status":"passed","title":"should handle assignee overload patterns","duration":0,"failureMessages":[]},{"ancestorTitles":["","PredictiveGuard - Pattern Detection","Confidence Score Boost"],"fullName":" PredictiveGuard - Pattern Detection Confidence Score Boost should boost confidence for critical tasks matching high-severity patterns","status":"passed","title":"should boost confidence for critical tasks matching high-severity patterns","duration":0,"failureMessages":[]},{"ancestorTitles":["","PredictiveGuard - Pattern Detection","Confidence Score Boost"],"fullName":" PredictiveGuard - Pattern Detection Confidence Score Boost should include pattern frequency in confidence calculation","status":"passed","title":"should include pattern frequency in confidence calculation","duration":0,"failureMessages":[]}],"startTime":1771948347062,"endTime":1771948347069,"status":"passed","message":"","name":"/Users/alariceverett/.openclaw/workspace/tests/unit/predictive-guard.test.ts"},{"assertionResults":[{"ancestorTitles":["","Recommendation Engine - Scoring Logic","Trend Impact Scoring"],"fullName":" Recommendation Engine - Scoring Logic Trend Impact Scoring should assign -100 for critical decline (<= -15%)","status":"passed","title":"should assign -100 for critical decline (<= -15%)","duration":1,"failureMessages":[]},{"ancestorTitles":["","Recommendation Engine - Scoring Logic","Trend Impact Scoring"],"fullName":" Recommendation Engine - Scoring Logic Trend Impact Scoring should assign -70 for warning decline (-15% < change <= -5%)","status":"passed","title":"should assign -70 for warning decline (-15% < change <= -5%)","duration":0,"failureMessages":[]},{"ancestorTitles":["","Recommendation Engine - Scoring Logic","Trend Impact Scoring"],"fullName":" Recommendation Engine - Scoring Logic Trend Impact Scoring should assign -40 for mild decline (-5% < change < 0%)","status":"passed","title":"should assign -40 for mild decline (-5% < change < 0%)","duration":0,"failureMessages":[]},{"ancestorTitles":["","Recommendation Engine - Scoring Logic","Trend Impact Scoring"],"fullName":" Recommendation Engine - Scoring Logic Trend Impact Scoring should assign +80 for strong growth (>= 10%)","status":"passed","title":"should assign +80 for strong growth (>= 10%)","duration":0,"failureMessages":[]},{"ancestorTitles":["","Recommendation Engine - Scoring Logic","Trend Impact Scoring"],"fullName":" Recommendation Engine - Scoring Logic Trend Impact Scoring should assign +40 for mild growth (0% < change < 10%)","status":"passed","title":"should assign +40 for mild growth (0% < change < 10%)","duration":0,"failureMessages":[]},{"ancestorTitles":["","Recommendation Engine - Scoring Logic","Confidence Score Calculation"],"fullName":" Recommendation Engine - Scoring Logic Confidence Score Calculation should calculate weighted confidence score correctly","status":"passed","title":"should calculate weighted confidence score correctly","duration":0,"failureMessages":[]},{"ancestorTitles":["","Recommendation Engine - Scoring Logic","Confidence Score Calculation"],"fullName":" Recommendation Engine - Scoring Logic Confidence Score Calculation should handle missing historical accuracy with defaults","status":"passed","title":"should handle missing historical accuracy with defaults","duration":1,"failureMessages":[]},{"ancestorTitles":["","Recommendation Engine - Scoring Logic","Confidence Score Calculation"],"fullName":" Recommendation Engine - Scoring Logic Confidence Score Calculation should boost confidence for positive feedback signals","status":"passed","title":"should boost confidence for positive feedback signals","duration":0,"failureMessages":[]},{"ancestorTitles":["","Recommendation Engine - Scoring Logic","Priority Determination"],"fullName":" Recommendation Engine - Scoring Logic Priority Determination should return critical priority for trendImpact <= -70","status":"passed","title":"should return critical priority for trendImpact <= -70","duration":0,"failureMessages":[]},{"ancestorTitles":["","Recommendation Engine - Scoring Logic","Priority Determination"],"fullName":" Recommendation Engine - Scoring Logic Priority Determination should return high priority for confidence >= 75","status":"passed","title":"should return high priority for confidence >= 75","duration":0,"failureMessages":[]},{"ancestorTitles":["","Recommendation Engine - Scoring Logic","Priority Determination"],"fullName":" Recommendation Engine - Scoring Logic Priority Determination should return low priority for low confidence scores","status":"passed","title":"should return low priority for low confidence scores","duration":0,"failureMessages":[]},{"ancestorTitles":["","Recommendation Engine - Scoring Logic","Recommendation Generation"],"fullName":" Recommendation Engine - Scoring Logic Recommendation Generation should generate appropriate decline recommendations for negative trends","status":"passed","title":"should generate appropriate decline recommendations for negative trends","duration":1,"failureMessages":[]},{"ancestorTitles":["","Recommendation Engine - Scoring Logic","Recommendation Generation"],"fullName":" Recommendation Engine - Scoring Logic Recommendation Generation should generate growth recommendations for positive trends","status":"passed","title":"should generate growth recommendations for positive trends","duration":0,"failureMessages":[]},{"ancestorTitles":["","Recommendation Engine - Scoring Logic","Recommendation Generation"],"fullName":" Recommendation Engine - Scoring Logic Recommendation Generation should generate blocked tasks recommendation when count >= 2","status":"passed","title":"should generate blocked tasks recommendation when count >= 2","duration":0,"failureMessages":[]},{"ancestorTitles":["","Recommendation Engine - Scoring Logic","Recommendation Generation"],"fullName":" Recommendation Engine - Scoring Logic Recommendation Generation should not generate blocked tasks recommendation when count < 2","status":"passed","title":"should not generate blocked tasks recommendation when count < 2","duration":0,"failureMessages":[]},{"ancestorTitles":["","Recommendation Engine - Scoring Logic","Recommendation Generation"],"fullName":" Recommendation Engine - Scoring Logic Recommendation Generation should sort recommendations by priority then confidence","status":"passed","title":"should sort recommendations by priority then confidence","duration":0,"failureMessages":[]},{"ancestorTitles":["","Recommendation Engine - Scoring Logic","Auto-execution vs Manual Review"],"fullName":" Recommendation Engine - Scoring Logic Auto-execution vs Manual Review should filter auto-executable recommendations above threshold","status":"passed","title":"should filter auto-executable recommendations above threshold","duration":0,"failureMessages":[]},{"ancestorTitles":["","Recommendation Engine - Scoring Logic","Auto-execution vs Manual Review"],"fullName":" Recommendation Engine - Scoring Logic Auto-execution vs Manual Review should exclude manual_review recommendations from auto-executable","status":"passed","title":"should exclude manual_review recommendations from auto-executable","duration":0,"failureMessages":[]},{"ancestorTitles":["","Recommendation Engine - Scoring Logic","Auto-execution vs Manual Review"],"fullName":" Recommendation Engine - Scoring Logic Auto-execution vs Manual Review should filter review queue recommendations","status":"passed","title":"should filter review queue recommendations","duration":0,"failureMessages":[]},{"ancestorTitles":["","Recommendation Engine - Scoring Logic","Confidence Distribution"],"fullName":" Recommendation Engine - Scoring Logic Confidence Distribution should calculate average confidence correctly","status":"passed","title":"should calculate average confidence correctly","duration":0,"failureMessages":[]},{"ancestorTitles":["","Recommendation Engine - Scoring Logic","Confidence Distribution"],"fullName":" Recommendation Engine - Scoring Logic Confidence Distribution should return 0 for empty recommendations array","status":"passed","title":"should return 0 for empty recommendations array","duration":0,"failureMessages":[]},{"ancestorTitles":["","Recommendation Engine - Scoring Logic","Confidence Distribution"],"fullName":" Recommendation Engine - Scoring Logic Confidence Distribution should categorize recommendations by confidence","status":"passed","title":"should categorize recommendations by confidence","duration":1,"failureMessages":[]},{"ancestorTitles":["","Recommendation Engine - Scoring Logic","Confidence Distribution"],"fullName":" Recommendation Engine - Scoring Logic Confidence Distribution should handle edge cases in distribution","status":"passed","title":"should handle edge cases in distribution","duration":0,"failureMessages":[]},{"ancestorTitles":["","Recommendation Engine - Scoring Logic","Dashboard Reorder Recommendations"],"fullName":" Recommendation Engine - Scoring Logic Dashboard Reorder Recommendations should generate dashboard reorder when sufficient signals exist","status":"passed","title":"should generate dashboard reorder when sufficient signals exist","duration":0,"failureMessages":[]},{"ancestorTitles":["","Recommendation Engine - Scoring Logic","Dashboard Reorder Recommendations"],"fullName":" Recommendation Engine - Scoring Logic Dashboard Reorder Recommendations should not generate reorder when fewer than 3 signals","status":"passed","title":"should not generate reorder when fewer than 3 signals","duration":0,"failureMessages":[]},{"ancestorTitles":["","Recommendation Engine - Scoring Logic","Recommendation Metadata"],"fullName":" Recommendation Engine - Scoring Logic Recommendation Metadata should generate unique IDs for each recommendation","status":"passed","title":"should generate unique IDs for each recommendation","duration":0,"failureMessages":[]},{"ancestorTitles":["","Recommendation Engine - Scoring Logic","Recommendation Metadata"],"fullName":" Recommendation Engine - Scoring Logic Recommendation Metadata should set appropriate expiry timestamps","status":"passed","title":"should set appropriate expiry timestamps","duration":0,"failureMessages":[]},{"ancestorTitles":["","Recommendation Engine - Scoring Logic","Recommendation Metadata"],"fullName":" Recommendation Engine - Scoring Logic Recommendation Metadata should include proper source trend references","status":"passed","title":"should include proper source trend references","duration":0,"failureMessages":[]}],"startTime":1771948347062,"endTime":1771948347066,"status":"passed","message":"","name":"/Users/alariceverett/.openclaw/workspace/tests/unit/recommendation-engine.test.ts"},{"assertionResults":[{"ancestorTitles":["","SelfHealingEngine - Retry Logic","Configuration"],"fullName":" SelfHealingEngine - Retry Logic Configuration should use default configuration when no config provided","status":"passed","title":"should use default configuration when no config provided","duration":1,"failureMessages":[]},{"ancestorTitles":["","SelfHealingEngine - Retry Logic","Configuration"],"fullName":" SelfHealingEngine - Retry Logic Configuration should merge custom config with defaults","status":"passed","title":"should merge custom config with defaults","duration":0,"failureMessages":[]},{"ancestorTitles":["","SelfHealingEngine - Retry Logic","Configuration"],"fullName":" SelfHealingEngine - Retry Logic Configuration should respect custom onEvent callback","status":"passed","title":"should respect custom onEvent callback","duration":0,"failureMessages":[]},{"ancestorTitles":["","SelfHealingEngine - Retry Logic","Retry Attempt Limit (3-attempt)"],"fullName":" SelfHealingEngine - Retry Logic Retry Attempt Limit (3-attempt) should attempt recovery up to 3 times before escalation","status":"passed","title":"should attempt recovery up to 3 times before escalation","duration":219,"failureMessages":[]},{"ancestorTitles":["","SelfHealingEngine - Retry Logic","Retry Attempt Limit (3-attempt)"],"fullName":" SelfHealingEngine - Retry Logic Retry Attempt Limit (3-attempt) should escalate to operator after 3 failed attempts","status":"passed","title":"should escalate to operator after 3 failed attempts","duration":501,"failureMessages":[]},{"ancestorTitles":["","SelfHealingEngine - Retry Logic","Retry Attempt Limit (3-attempt)"],"fullName":" SelfHealingEngine - Retry Logic Retry Attempt Limit (3-attempt) should clear task history after successful healing","status":"passed","title":"should clear task history after successful healing","duration":204,"failureMessages":[]},{"ancestorTitles":["","SelfHealingEngine - Retry Logic","Retry Attempt Limit (3-attempt)"],"fullName":" SelfHealingEngine - Retry Logic Retry Attempt Limit (3-attempt) should track attempts in history before escalation","status":"passed","title":"should track attempts in history before escalation","duration":219,"failureMessages":[]},{"ancestorTitles":["","SelfHealingEngine - Retry Logic","Retry Attempt Limit (3-attempt)"],"fullName":" SelfHealingEngine - Retry Logic Retry Attempt Limit (3-attempt) should not process more than max attempts","status":"passed","title":"should not process more than max attempts","duration":112,"failureMessages":[]},{"ancestorTitles":["","SelfHealingEngine - Retry Logic","Exponential Backoff"],"fullName":" SelfHealingEngine - Retry Logic Exponential Backoff should calculate backoff using exponential formula","status":"passed","title":"should calculate backoff using exponential formula","duration":1,"failureMessages":[]},{"ancestorTitles":["","SelfHealingEngine - Retry Logic","Exponential Backoff"],"fullName":" SelfHealingEngine - Retry Logic Exponential Backoff should respect maxDelayMs cap","status":"passed","title":"should respect maxDelayMs cap","duration":0,"failureMessages":[]},{"ancestorTitles":["","SelfHealingEngine - Retry Logic","Exponential Backoff"],"fullName":" SelfHealingEngine - Retry Logic Exponential Backoff should add jitter (±20%) to prevent thundering herd","status":"passed","title":"should add jitter (±20%) to prevent thundering herd","duration":2,"failureMessages":[]},{"ancestorTitles":["","SelfHealingEngine - Retry Logic","Exponential Backoff"],"fullName":" SelfHealingEngine - Retry Logic Exponential Backoff should apply correct delay for each attempt number","status":"passed","title":"should apply correct delay for each attempt number","duration":1,"failureMessages":[]},{"ancestorTitles":["","SelfHealingEngine - Retry Logic","Recovery Actions"],"fullName":" SelfHealingEngine - Retry Logic Recovery Actions should determine correct recovery action based on error type","status":"passed","title":"should determine correct recovery action based on error type","duration":582,"failureMessages":[]},{"ancestorTitles":["","SelfHealingEngine - Retry Logic","Recovery Actions"],"fullName":" SelfHealingEngine - Retry Logic Recovery Actions should handle rate limit errors","status":"passed","title":"should handle rate limit errors","duration":183,"failureMessages":[]},{"ancestorTitles":["","SelfHealingEngine - Retry Logic","Recovery Actions"],"fullName":" SelfHealingEngine - Retry Logic Recovery Actions should handle network errors","status":"passed","title":"should handle network errors","duration":383,"failureMessages":[]},{"ancestorTitles":["","SelfHealingEngine - Retry Logic","Recovery Actions"],"fullName":" SelfHealingEngine - Retry Logic Recovery Actions should handle resource busy errors","status":"passed","title":"should handle resource busy errors","duration":1083,"failureMessages":[]},{"ancestorTitles":["","SelfHealingEngine - Retry Logic","Recovery Actions"],"fullName":" SelfHealingEngine - Retry Logic Recovery Actions should use default action for unrecognized errors","status":"passed","title":"should use default action for unrecognized errors","duration":183,"failureMessages":[]},{"ancestorTitles":["","SelfHealingEngine - Retry Logic","Event Emissions"],"fullName":" SelfHealingEngine - Retry Logic Event Emissions should emit started event when healing begins","status":"passed","title":"should emit started event when healing begins","duration":183,"failureMessages":[]},{"ancestorTitles":["","SelfHealingEngine - Retry Logic","Event Emissions"],"fullName":" SelfHealingEngine - Retry Logic Event Emissions should emit retrying event for each attempt","status":"passed","title":"should emit retrying event for each attempt","duration":220,"failureMessages":[]},{"ancestorTitles":["","SelfHealingEngine - Retry Logic","Event Emissions"],"fullName":" SelfHealingEngine - Retry Logic Event Emissions should emit failed event on unsuccessful attempt","status":"passed","title":"should emit failed event on unsuccessful attempt","duration":219,"failureMessages":[]},{"ancestorTitles":["","SelfHealingEngine - Retry Logic","Event Emissions"],"fullName":" SelfHealingEngine - Retry Logic Event Emissions should emit escalated event after max attempts","status":"passed","title":"should emit escalated event after max attempts","duration":1336,"failureMessages":[]},{"ancestorTitles":["","SelfHealingEngine - Retry Logic","Event Emissions"],"fullName":" SelfHealingEngine - Retry Logic Event Emissions should emit succeeded event on successful recovery","status":"passed","title":"should emit succeeded event on successful recovery","duration":203,"failureMessages":[]},{"ancestorTitles":["","SelfHealingEngine - Retry Logic","Event Emissions"],"fullName":" SelfHealingEngine - Retry Logic Event Emissions should allow multiple event listeners","status":"passed","title":"should allow multiple event listeners","duration":1,"failureMessages":[]},{"ancestorTitles":["","SelfHealingEngine - Retry Logic","Task History Management"],"fullName":" SelfHealingEngine - Retry Logic Task History Management should return empty array for unknown task","status":"passed","title":"should return empty array for unknown task","duration":1,"failureMessages":[]},{"ancestorTitles":["","SelfHealingEngine - Retry Logic","Task History Management"],"fullName":" SelfHealingEngine - Retry Logic Task History Management should clear task history when requested","status":"passed","title":"should clear task history when requested","duration":0,"failureMessages":[]},{"ancestorTitles":["","SelfHealingEngine - Retry Logic","Task History Management"],"fullName":" SelfHealingEngine - Retry Logic Task History Management should isolate history between different task IDs","status":"passed","title":"should isolate history between different task IDs","duration":368,"failureMessages":[]},{"ancestorTitles":["","SelfHealingEngine - Retry Logic","Error Handling"],"fullName":" SelfHealingEngine - Retry Logic Error Handling should handle errors in event listeners gracefully","status":"passed","title":"should handle errors in event listeners gracefully","duration":110,"failureMessages":[]},{"ancestorTitles":["","SelfHealingEngine - Retry Logic","Error Handling"],"fullName":" SelfHealingEngine - Retry Logic Error Handling should handle errors in escalation callback gracefully","status":"passed","title":"should handle errors in escalation callback gracefully","duration":113,"failureMessages":[]},{"ancestorTitles":["","SelfHealingEngine - Retry Logic","Error Handling"],"fullName":" SelfHealingEngine - Retry Logic Error Handling should generate unique IDs for each attempt","status":"passed","title":"should generate unique IDs for each attempt","duration":113,"failureMessages":[]},{"ancestorTitles":["","SelfHealingEngine - Retry Logic","Retry Limits and Timeouts"],"fullName":" SelfHealingEngine - Retry Logic Retry Limits and Timeouts should complete within reasonable time with fast delays","status":"passed","title":"should complete within reasonable time with fast delays","duration":104,"failureMessages":[]},{"ancestorTitles":["","SelfHealingEngine - Retry Logic","Retry Limits and Timeouts"],"fullName":" SelfHealingEngine - Retry Logic Retry Limits and Timeouts should support custom max attempts","status":"passed","title":"should support custom max attempts","duration":104,"failureMessages":[]}],"startTime":1771948347062,"endTime":1771948353813,"status":"passed","message":"","name":"/Users/alariceverett/.openclaw/workspace/tests/unit/self-healing.test.ts"}]}